19:12:09 **** Clean-only build of configuration Debug for project x_bch ****
make clean 
rm -rf  ./src/main.d  ./src/BinaryMatrix.o ./src/GFMatrix.o ./src/GaloisField.o ./src/ecclib.o ./src/main.o ./src/platform.o  ./src/platform.d  ./src/BinaryMatrix.d ./src/GFMatrix.d ./src/GaloisField.d ./src/ecclib.d  x_bch.elf.size  x_bch.elf
' '
19:12:10 **** Incremental Build of configuration Debug for project x_bch ****
make pre-build main-build 
a9-linaro-pre-build-step
' '
'Building file: ../src/BinaryMatrix.cpp'
'Invoking: ARM v7 g++ compiler'
arm-none-eabi-g++ -Wall -O0 -g3 -c -fmessage-length=0 -MT"src/BinaryMatrix.o" -mcpu=cortex-a9 -mfpu=vfpv3 -mfloat-abi=hard -I../../standalone_bsp_0/ps7_cortexa9_0/include -MMD -MP -MF"src/BinaryMatrix.d" -MT"src/BinaryMatrix.o" -o "src/BinaryMatrix.o" "../src/BinaryMatrix.cpp"
'Finished building: ../src/BinaryMatrix.cpp'
' '
'Building file: ../src/GFMatrix.cpp'
'Invoking: ARM v7 g++ compiler'
arm-none-eabi-g++ -Wall -O0 -g3 -c -fmessage-length=0 -MT"src/GFMatrix.o" -mcpu=cortex-a9 -mfpu=vfpv3 -mfloat-abi=hard -I../../standalone_bsp_0/ps7_cortexa9_0/include -MMD -MP -MF"src/GFMatrix.d" -MT"src/GFMatrix.o" -o "src/GFMatrix.o" "../src/GFMatrix.cpp"
'Finished building: ../src/GFMatrix.cpp'
' '
'Building file: ../src/GaloisField.cpp'
'Invoking: ARM v7 g++ compiler'
arm-none-eabi-g++ -Wall -O0 -g3 -c -fmessage-length=0 -MT"src/GaloisField.o" -mcpu=cortex-a9 -mfpu=vfpv3 -mfloat-abi=hard -I../../standalone_bsp_0/ps7_cortexa9_0/include -MMD -MP -MF"src/GaloisField.d" -MT"src/GaloisField.o" -o "src/GaloisField.o" "../src/GaloisField.cpp"
'Finished building: ../src/GaloisField.cpp'
' '
'Building file: ../src/ecclib.cpp'
'Invoking: ARM v7 g++ compiler'
arm-none-eabi-g++ -Wall -O0 -g3 -c -fmessage-length=0 -MT"src/ecclib.o" -mcpu=cortex-a9 -mfpu=vfpv3 -mfloat-abi=hard -I../../standalone_bsp_0/ps7_cortexa9_0/include -MMD -MP -MF"src/ecclib.d" -MT"src/ecclib.o" -o "src/ecclib.o" "../src/ecclib.cpp"
'Finished building: ../src/ecclib.cpp'
' '
'Building file: ../src/main.cc'
'Invoking: ARM v7 g++ compiler'
arm-none-eabi-g++ -Wall -O0 -g3 -c -fmessage-length=0 -MT"src/main.o" -mcpu=cortex-a9 -mfpu=vfpv3 -mfloat-abi=hard -I../../standalone_bsp_0/ps7_cortexa9_0/include -MMD -MP -MF"src/main.d" -MT"src/main.o" -o "src/main.o" "../src/main.cc"
../src/main.cc: In function 'void test_BCH_Encode()':
../src/main.cc:38:6: warning: unused variable 'encoded_bit_len' [-Wunused-variable]
  int encoded_bit_len = 63;
      ^~~~~~~~~~~~~~~
../src/main.cc:39:6: warning: unused variable 't' [-Wunused-variable]
  int t = 3;
      ^
../src/main.cc:40:6: warning: unused variable 'mbytes' [-Wunused-variable]
  int mbytes = 1;
      ^~~~~~
../src/main.cc:49:7: warning: unused variable 'encoded' [-Wunused-variable]
  auto encoded = bch.Encode(input_bytes);
       ^~~~~~~
'Finished building: ../src/main.cc'
' '
'Building file: ../src/platform.c'
'Invoking: ARM v7 g++ compiler'
arm-none-eabi-g++ -Wall -O0 -g3 -c -fmessage-length=0 -MT"src/platform.o" -mcpu=cortex-a9 -mfpu=vfpv3 -mfloat-abi=hard -I../../standalone_bsp_0/ps7_cortexa9_0/include -MMD -MP -MF"src/platform.d" -MT"src/platform.o" -o "src/platform.o" "../src/platform.c"
'Finished building: ../src/platform.c'
' '
'Building target: x_bch.elf'
'Invoking: ARM v7 g++ linker'
arm-none-eabi-g++ -mcpu=cortex-a9 -mfpu=vfpv3 -mfloat-abi=hard -Wl,-build-id=none -specs=Xilinx.spec -Wl,-T -Wl,../src/lscript.ld -L../../standalone_bsp_0/ps7_cortexa9_0/lib -o "x_bch.elf"  ./src/BinaryMatrix.o ./src/GFMatrix.o ./src/GaloisField.o ./src/ecclib.o ./src/main.o ./src/platform.o   -Wl,--start-group,-lxil,-lgcc,-lc,-lstdc++,--end-group
'Finished building target: x_bch.elf'
' '
'Invoking: ARM v7 Print Size'
arm-none-eabi-size x_bch.elf  |tee "x_bch.elf.size"
   text	   data	    bss	    dec	    hex	filename
 818638	   2836	110253652	111075126	69edf36	x_bch.elf
'Finished building: x_bch.elf.size'
' '
19:13:02 **** Incremental Build of configuration Debug for project x_bch ****
make pre-build main-build 
a9-linaro-pre-build-step
' '
make: Nothing to be done for `main-build'.
19:13:47 **** Incremental Build of configuration Debug for project x_bch ****
make pre-build main-build 
a9-linaro-pre-build-step
' '
make: Nothing to be done for `main-build'.
17:59:00 **** Incremental Build of configuration Debug for project x_bch ****
make pre-build main-build 
a9-linaro-pre-build-step
' '
'Building file: ../src/main.cc'
'Invoking: ARM v7 g++ compiler'
arm-none-eabi-g++ -Wall -O0 -g3 -c -fmessage-length=0 -MT"src/main.o" -mcpu=cortex-a9 -mfpu=vfpv3 -mfloat-abi=hard -I../../standalone_bsp_0/ps7_cortexa9_0/include -MMD -MP -MF"src/main.d" -MT"src/main.o" -o "src/main.o" "../src/main.cc"
../src/main.cc: In function 'void test_BCH_Encode()':
../src/main.cc:32:27: error: invalid conversion from 'unsigned char*' to 'std::basic_istream<char>::char_type* {aka char*}' [-fpermissive]
  std::cin.read(buffer, 386);
                           ^
In file included from c:\xilinx\sdk\2017.3\gnu\aarch32\nt\gcc-arm-none-eabi\arm-none-eabi\include\c++\6.2.1\iostream:40:0,
                 from ../src/main.h:6,
                 from ../src/main.cc:5:
c:\xilinx\sdk\2017.3\gnu\aarch32\nt\gcc-arm-none-eabi\arm-none-eabi\include\c++\6.2.1\istream:486:7: note:   initializing argument 1 of 'std::basic_istream<_CharT, _Traits>& std::basic_istream<_CharT, _Traits>::read(std::basic_istream<_CharT, _Traits>::char_type*, std::streamsize) [with _CharT = char; _Traits = std::char_traits<char>; std::basic_istream<_CharT, _Traits>::char_type = char; std::streamsize = int]'
       read(char_type* __s, streamsize __n);
       ^~~~
../src/main.cc:42:27: error: invalid conversion from 'unsigned char*' to 'std::basic_istream<char>::char_type* {aka char*}' [-fpermissive]
  std::cin.read(buffer, 394);
                           ^
In file included from c:\xilinx\sdk\2017.3\gnu\aarch32\nt\gcc-arm-none-eabi\arm-none-eabi\include\c++\6.2.1\iostream:40:0,
                 from ../src/main.h:6,
                 from ../src/main.cc:5:
c:\xilinx\sdk\2017.3\gnu\aarch32\nt\gcc-arm-none-eabi\arm-none-eabi\include\c++\6.2.1\istream:486:7: note:   initializing argument 1 of 'std::basic_istream<_CharT, _Traits>& std::basic_istream<_CharT, _Traits>::read(std::basic_istream<_CharT, _Traits>::char_type*, std::streamsize) [with _CharT = char; _Traits = std::char_traits<char>; std::basic_istream<_CharT, _Traits>::char_type = char; std::streamsize = int]'
       read(char_type* __s, streamsize __n);
       ^~~~
../src/main.cc:52:6: warning: unused variable 'encoded_bit_len' [-Wunused-variable]
  int encoded_bit_len = 63;
      ^~~~~~~~~~~~~~~
../src/main.cc:53:6: warning: unused variable 't' [-Wunused-variable]
  int t = 3;
      ^
../src/main.cc:54:6: warning: unused variable 'mbytes' [-Wunused-variable]
  int mbytes = 1;
      ^~~~~~
../src/main.cc:63:7: warning: unused variable 'encoded' [-Wunused-variable]
  auto encoded = bch.Encode(input_bytes);
       ^~~~~~~
make: *** [src/main.o] Error 1
18:06:59 **** Incremental Build of configuration Debug for project x_bch ****
make pre-build main-build 
a9-linaro-pre-build-step
' '
'Building file: ../src/main.cc'
'Invoking: ARM v7 g++ compiler'
arm-none-eabi-g++ -Wall -O0 -g3 -c -fmessage-length=0 -MT"src/main.o" -mcpu=cortex-a9 -mfpu=vfpv3 -mfloat-abi=hard -I../../standalone_bsp_0/ps7_cortexa9_0/include -MMD -MP -MF"src/main.d" -MT"src/main.o" -o "src/main.o" "../src/main.cc"
../src/main.cc: In function 'void test_BCH_Encode()':
../src/main.cc:35:20: error: 'cin' was not declared in this scope
   genmat.push_back(cin.read());
                    ^~~
../src/main.cc:35:20: note: suggested alternative:
In file included from ../src/main.h:6:0,
                 from ../src/main.cc:5:
c:\xilinx\sdk\2017.3\gnu\aarch32\nt\gcc-arm-none-eabi\arm-none-eabi\include\c++\6.2.1\iostream:60:18: note:   'std::cin'
   extern istream cin;  /// Linked to standard input
                  ^~~
../src/main.cc:44:20: error: 'cin' was not declared in this scope
   parchk.push_back(cin.read());
                    ^~~
../src/main.cc:44:20: note: suggested alternative:
In file included from ../src/main.h:6:0,
                 from ../src/main.cc:5:
c:\xilinx\sdk\2017.3\gnu\aarch32\nt\gcc-arm-none-eabi\arm-none-eabi\include\c++\6.2.1\iostream:60:18: note:   'std::cin'
   extern istream cin;  /// Linked to standard input
                  ^~~
../src/main.cc:50:6: warning: unused variable 'encoded_bit_len' [-Wunused-variable]
  int encoded_bit_len = 63;
      ^~~~~~~~~~~~~~~
../src/main.cc:51:6: warning: unused variable 't' [-Wunused-variable]
  int t = 3;
      ^
../src/main.cc:52:6: warning: unused variable 'mbytes' [-Wunused-variable]
  int mbytes = 1;
      ^~~~~~
../src/main.cc:61:7: warning: unused variable 'encoded' [-Wunused-variable]
  auto encoded = bch.Encode(input_bytes);
       ^~~~~~~
make: *** [src/main.o] Error 1
18:08:38 **** Incremental Build of configuration Debug for project x_bch ****
make pre-build main-build 
a9-linaro-pre-build-step
' '
'Building file: ../src/main.cc'
'Invoking: ARM v7 g++ compiler'
arm-none-eabi-g++ -Wall -O0 -g3 -c -fmessage-length=0 -MT"src/main.o" -mcpu=cortex-a9 -mfpu=vfpv3 -mfloat-abi=hard -I../../standalone_bsp_0/ps7_cortexa9_0/include -MMD -MP -MF"src/main.d" -MT"src/main.o" -o "src/main.o" "../src/main.cc"
../src/main.cc: In function 'void test_BCH_Encode()':
../src/main.cc:35:34: error: no matching function for call to 'std::basic_istream<char>::read()'
   genmat.push_back(std::cin.read());
                                  ^
In file included from c:\xilinx\sdk\2017.3\gnu\aarch32\nt\gcc-arm-none-eabi\arm-none-eabi\include\c++\6.2.1\iostream:40:0,
                 from ../src/main.h:6,
                 from ../src/main.cc:5:
c:\xilinx\sdk\2017.3\gnu\aarch32\nt\gcc-arm-none-eabi\arm-none-eabi\include\c++\6.2.1\istream:486:7: note: candidate: std::basic_istream<_CharT, _Traits>& std::basic_istream<_CharT, _Traits>::read(std::basic_istream<_CharT, _Traits>::char_type*, std::streamsize) [with _CharT = char; _Traits = std::char_traits<char>; std::basic_istream<_CharT, _Traits>::char_type = char; std::streamsize = int]
       read(char_type* __s, streamsize __n);
       ^~~~
c:\xilinx\sdk\2017.3\gnu\aarch32\nt\gcc-arm-none-eabi\arm-none-eabi\include\c++\6.2.1\istream:486:7: note:   candidate expects 2 arguments, 0 provided
../src/main.cc:44:34: error: no matching function for call to 'std::basic_istream<char>::read()'
   parchk.push_back(std::cin.read());
                                  ^
In file included from c:\xilinx\sdk\2017.3\gnu\aarch32\nt\gcc-arm-none-eabi\arm-none-eabi\include\c++\6.2.1\iostream:40:0,
                 from ../src/main.h:6,
                 from ../src/main.cc:5:
c:\xilinx\sdk\2017.3\gnu\aarch32\nt\gcc-arm-none-eabi\arm-none-eabi\include\c++\6.2.1\istream:486:7: note: candidate: std::basic_istream<_CharT, _Traits>& std::basic_istream<_CharT, _Traits>::read(std::basic_istream<_CharT, _Traits>::char_type*, std::streamsize) [with _CharT = char; _Traits = std::char_traits<char>; std::basic_istream<_CharT, _Traits>::char_type = char; std::streamsize = int]
       read(char_type* __s, streamsize __n);
       ^~~~
c:\xilinx\sdk\2017.3\gnu\aarch32\nt\gcc-arm-none-eabi\arm-none-eabi\include\c++\6.2.1\istream:486:7: note:   candidate expects 2 arguments, 0 provided
../src/main.cc:50:6: warning: unused variable 'encoded_bit_len' [-Wunused-variable]
  int encoded_bit_len = 63;
      ^~~~~~~~~~~~~~~
../src/main.cc:51:6: warning: unused variable 't' [-Wunused-variable]
  int t = 3;
      ^
../src/main.cc:52:6: warning: unused variable 'mbytes' [-Wunused-variable]
  int mbytes = 1;
      ^~~~~~
../src/main.cc:61:7: warning: unused variable 'encoded' [-Wunused-variable]
  auto encoded = bch.Encode(input_bytes);
       ^~~~~~~
make: *** [src/main.o] Error 1
18:09:43 **** Incremental Build of configuration Debug for project x_bch ****
make pre-build main-build 
a9-linaro-pre-build-step
' '
'Building file: ../src/main.cc'
'Invoking: ARM v7 g++ compiler'
arm-none-eabi-g++ -Wall -O0 -g3 -c -fmessage-length=0 -MT"src/main.o" -mcpu=cortex-a9 -mfpu=vfpv3 -mfloat-abi=hard -I../../standalone_bsp_0/ps7_cortexa9_0/include -MMD -MP -MF"src/main.d" -MT"src/main.o" -o "src/main.o" "../src/main.cc"
../src/main.cc: In function 'void test_BCH_Encode()':
../src/main.cc:31:18: warning: variable 'buffer' set but not used [-Wunused-but-set-variable]
  unsigned char * buffer = new unsigned char[386];
                  ^~~~~~
../src/main.cc:50:6: warning: unused variable 'encoded_bit_len' [-Wunused-variable]
  int encoded_bit_len = 63;
      ^~~~~~~~~~~~~~~
../src/main.cc:51:6: warning: unused variable 't' [-Wunused-variable]
  int t = 3;
      ^
../src/main.cc:52:6: warning: unused variable 'mbytes' [-Wunused-variable]
  int mbytes = 1;
      ^~~~~~
../src/main.cc:61:7: warning: unused variable 'encoded' [-Wunused-variable]
  auto encoded = bch.Encode(input_bytes);
       ^~~~~~~
'Finished building: ../src/main.cc'
' '
'Building target: x_bch.elf'
'Invoking: ARM v7 g++ linker'
arm-none-eabi-g++ -mcpu=cortex-a9 -mfpu=vfpv3 -mfloat-abi=hard -Wl,-build-id=none -specs=Xilinx.spec -Wl,-T -Wl,../src/lscript.ld -L../../standalone_bsp_0/ps7_cortexa9_0/lib -o "x_bch.elf"  ./src/BinaryMatrix.o ./src/GFMatrix.o ./src/GaloisField.o ./src/ecclib.o ./src/main.o ./src/platform.o   -Wl,--start-group,-lxil,-lgcc,-lc,-lstdc++,--end-group
'Finished building target: x_bch.elf'
' '
'Invoking: ARM v7 Print Size'
arm-none-eabi-size x_bch.elf  |tee "x_bch.elf.size"
   text	   data	    bss	    dec	    hex	filename
 816510	   2836	110253660	111073006	69ed6ee	x_bch.elf
'Finished building: x_bch.elf.size'
' '
18:13:55 **** Incremental Build of configuration Debug for project x_bch ****
make pre-build main-build 
a9-linaro-pre-build-step
' '
make: Nothing to be done for `main-build'.
18:21:44 **** Incremental Build of configuration Debug for project x_bch ****
make pre-build main-build 
a9-linaro-pre-build-step
' '
'Building file: ../src/main.cc'
'Invoking: ARM v7 g++ compiler'
arm-none-eabi-g++ -Wall -O0 -g3 -c -fmessage-length=0 -MT"src/main.o" -mcpu=cortex-a9 -mfpu=vfpv3 -mfloat-abi=hard -I../../standalone_bsp_0/ps7_cortexa9_0/include -MMD -MP -MF"src/main.d" -MT"src/main.o" -o "src/main.o" "../src/main.cc"
../src/main.cc: In function 'void test_BCH_Encode()':
../src/main.cc:62:6: warning: unused variable 'encoded_bit_len' [-Wunused-variable]
  int encoded_bit_len = 63;
      ^~~~~~~~~~~~~~~
../src/main.cc:63:6: warning: unused variable 't' [-Wunused-variable]
  int t = 3;
      ^
../src/main.cc:64:6: warning: unused variable 'mbytes' [-Wunused-variable]
  int mbytes = 1;
      ^~~~~~
../src/main.cc:73:7: warning: unused variable 'encoded' [-Wunused-variable]
  auto encoded = bch.Encode(input_bytes);
       ^~~~~~~
'Finished building: ../src/main.cc'
' '
'Building target: x_bch.elf'
'Invoking: ARM v7 g++ linker'
arm-none-eabi-g++ -mcpu=cortex-a9 -mfpu=vfpv3 -mfloat-abi=hard -Wl,-build-id=none -specs=Xilinx.spec -Wl,-T -Wl,../src/lscript.ld -L../../standalone_bsp_0/ps7_cortexa9_0/lib -o "x_bch.elf"  ./src/BinaryMatrix.o ./src/GFMatrix.o ./src/GaloisField.o ./src/ecclib.o ./src/main.o ./src/platform.o   -Wl,--start-group,-lxil,-lgcc,-lc,-lstdc++,--end-group
'Finished building target: x_bch.elf'
' '
'Invoking: ARM v7 Print Size'
arm-none-eabi-size x_bch.elf  |tee "x_bch.elf.size"
   text	   data	    bss	    dec	    hex	filename
 816642	   2836	110253660	111073138	69ed772	x_bch.elf
'Finished building: x_bch.elf.size'
' '
18:44:07 **** Incremental Build of configuration Debug for project x_bch ****
make pre-build main-build 
a9-linaro-pre-build-step
' '
'Building file: ../src/main.cc'
'Invoking: ARM v7 g++ compiler'
arm-none-eabi-g++ -Wall -O0 -g3 -c -fmessage-length=0 -MT"src/main.o" -mcpu=cortex-a9 -mfpu=vfpv3 -mfloat-abi=hard -I../../standalone_bsp_0/ps7_cortexa9_0/include -MMD -MP -MF"src/main.d" -MT"src/main.o" -o "src/main.o" "../src/main.cc"
../src/main.cc: In function 'void test_BCH_Encode()':
../src/main.cc:32:26: error: invalid conversion from 'unsigned char*' to 'std::basic_istream<char>::char_type* {aka char*}' [-fpermissive]
  std::cin.get(buffer, 500);
                          ^
In file included from c:\xilinx\sdk\2017.3\gnu\aarch32\nt\gcc-arm-none-eabi\arm-none-eabi\include\c++\6.2.1\iostream:40:0,
                 from ../src/main.h:6,
                 from ../src/main.cc:5:
c:\xilinx\sdk\2017.3\gnu\aarch32\nt\gcc-arm-none-eabi\arm-none-eabi\include\c++\6.2.1\istream:354:7: note:   initializing argument 1 of 'std::basic_istream<_CharT, _Traits>::__istream_type& std::basic_istream<_CharT, _Traits>::get(std::basic_istream<_CharT, _Traits>::char_type*, std::streamsize) [with _CharT = char; _Traits = std::char_traits<char>; std::basic_istream<_CharT, _Traits>::__istream_type = std::basic_istream<char>; std::basic_istream<_CharT, _Traits>::char_type = char; std::streamsize = int]'
       get(char_type* __s, streamsize __n)
       ^~~
../src/main.cc:41:26: error: invalid conversion from 'unsigned char*' to 'std::basic_istream<char>::char_type* {aka char*}' [-fpermissive]
  std::cin.get(buffer, 500)
                          ^
In file included from c:\xilinx\sdk\2017.3\gnu\aarch32\nt\gcc-arm-none-eabi\arm-none-eabi\include\c++\6.2.1\iostream:40:0,
                 from ../src/main.h:6,
                 from ../src/main.cc:5:
c:\xilinx\sdk\2017.3\gnu\aarch32\nt\gcc-arm-none-eabi\arm-none-eabi\include\c++\6.2.1\istream:354:7: note:   initializing argument 1 of 'std::basic_istream<_CharT, _Traits>::__istream_type& std::basic_istream<_CharT, _Traits>::get(std::basic_istream<_CharT, _Traits>::char_type*, std::streamsize) [with _CharT = char; _Traits = std::char_traits<char>; std::basic_istream<_CharT, _Traits>::__istream_type = std::basic_istream<char>; std::basic_istream<_CharT, _Traits>::char_type = char; std::streamsize = int]'
       get(char_type* __s, streamsize __n)
       ^~~
../src/main.cc:42:2: error: expected ';' before 'std'
  std::vector<unsigned char> parchk;
  ^~~
../src/main.cc:45:3: error: 'parchk' was not declared in this scope
   parchk.push_back(buffer[i]);
   ^~~~~~
../src/main.cc:49:40: error: 'parchk' was not declared in this scope
  EccLib::BCH bch = EccLib::BCH(genmat, parchk, 6, 3);
                                        ^~~~~~
../src/main.cc:51:6: warning: unused variable 'encoded_bit_len' [-Wunused-variable]
  int encoded_bit_len = 63;
      ^~~~~~~~~~~~~~~
../src/main.cc:52:6: warning: unused variable 't' [-Wunused-variable]
  int t = 3;
      ^
../src/main.cc:53:6: warning: unused variable 'mbytes' [-Wunused-variable]
  int mbytes = 1;
      ^~~~~~
../src/main.cc:62:7: warning: unused variable 'encoded' [-Wunused-variable]
  auto encoded = bch.Encode(input_bytes);
       ^~~~~~~
make: *** [src/main.o] Error 1
18:44:58 **** Build of configuration Debug for project IAlloc ****
make pre-build main-build 
a9-linaro-pre-build-step
' '
'Building file: ../src/memory_alloc.c'
'Invoking: ARM v7 gcc compiler'
arm-none-eabi-gcc -Wall -O0 -g3 -c -fmessage-length=0 -MT"src/memory_alloc.o" -mcpu=cortex-a9 -mfpu=vfpv3 -mfloat-abi=hard -I../../standalone_bsp_0/ps7_cortexa9_0/include -MMD -MP -MF"src/memory_alloc.d" -MT"src/memory_alloc.o" -o "src/memory_alloc.o" "../src/memory_alloc.c"
In file included from ../src/memory_alloc.c:6:0:
../src/memory_alloc.c: In function 'main':
../../standalone_bsp_0/ps7_cortexa9_0/include/xparameters.h:41:45: warning: initialization makes pointer from integer without a cast [-Wint-conversion]
 #define XPAR_AXI_BRAM_CTRL_0_S_AXI_BASEADDR 0x40000000U
                                             ^
../src/memory_alloc.c:11:21: note: in expansion of macro 'XPAR_AXI_BRAM_CTRL_0_S_AXI_BASEADDR'
 #define BRAM_MEMORY XPAR_AXI_BRAM_CTRL_0_S_AXI_BASEADDR
                     ^~~~~~~~~~~~~~~~~~~~~~~~~~~~~~~~~~~
../src/memory_alloc.c:128:17: note: in expansion of macro 'BRAM_MEMORY'
   void * base = BRAM_MEMORY;
                 ^~~~~~~~~~~
'Finished building: ../src/memory_alloc.c'
' '
'Building target: IAlloc.elf'
'Invoking: ARM v7 gcc linker'
arm-none-eabi-gcc -mcpu=cortex-a9 -mfpu=vfpv3 -mfloat-abi=hard -Wl,-build-id=none -specs=Xilinx.spec -Wl,-T -Wl,../src/lscript.ld -L../../standalone_bsp_0/ps7_cortexa9_0/lib -o "IAlloc.elf"  ./src/memory_alloc.o   -Wl,--start-group,-lxil,-lgcc,-lc,--end-group
'Finished building target: IAlloc.elf'
' '
'Invoking: ARM v7 Print Size'
arm-none-eabi-size IAlloc.elf  |tee "IAlloc.elf.size"
   text	   data	    bss	    dec	    hex	filename
  26536	   2188	  22632	  51356	   c89c	IAlloc.elf
'Finished building: IAlloc.elf.size'
' '
18:45:01 **** Build of configuration Debug for project HelloWorld ****
make pre-build main-build 
a9-linaro-pre-build-step
' '
'Building file: ../src/helloworld.c'
'Invoking: ARM v7 gcc compiler'
arm-none-eabi-gcc -Wall -O0 -g3 -c -fmessage-length=0 -MT"src/helloworld.o" -mcpu=cortex-a9 -mfpu=vfpv3 -mfloat-abi=hard -I../../standalone_bsp_0/ps7_cortexa9_0/include -MMD -MP -MF"src/helloworld.d" -MT"src/helloworld.o" -o "src/helloworld.o" "../src/helloworld.c"
'Finished building: ../src/helloworld.c'
' '
'Building file: ../src/platform.c'
'Invoking: ARM v7 gcc compiler'
arm-none-eabi-gcc -Wall -O0 -g3 -c -fmessage-length=0 -MT"src/platform.o" -mcpu=cortex-a9 -mfpu=vfpv3 -mfloat-abi=hard -I../../standalone_bsp_0/ps7_cortexa9_0/include -MMD -MP -MF"src/platform.d" -MT"src/platform.o" -o "src/platform.o" "../src/platform.c"
'Finished building: ../src/platform.c'
' '
'Building target: HelloWorld.elf'
'Invoking: ARM v7 gcc linker'
arm-none-eabi-gcc -mcpu=cortex-a9 -mfpu=vfpv3 -mfloat-abi=hard -Wl,-build-id=none -specs=Xilinx.spec -Wl,-T -Wl,../src/lscript.ld -L../../standalone_bsp_0/ps7_cortexa9_0/lib -o "HelloWorld.elf"  ./src/helloworld.o ./src/platform.o   -Wl,--start-group,-lxil,-lgcc,-lc,--end-group
'Finished building target: HelloWorld.elf'
' '
'Invoking: ARM v7 Print Size'
arm-none-eabi-size HelloWorld.elf  |tee "HelloWorld.elf.size"
   text	   data	    bss	    dec	    hex	filename
  19384	   1148	  22568	  43100	   a85c	HelloWorld.elf
'Finished building: HelloWorld.elf.size'
' '
18:45:03 **** Build of configuration Debug for project BRAM_DMA_TEST ****
make pre-build main-build 
a9-linaro-pre-build-step
' '
'Building file: ../src/dma_test.c'
'Invoking: ARM v7 gcc compiler'
arm-none-eabi-gcc -Wall -O0 -g3 -c -fmessage-length=0 -MT"src/dma_test.o" -mcpu=cortex-a9 -mfpu=vfpv3 -mfloat-abi=hard -I../../standalone_bsp_0/ps7_cortexa9_0/include -MMD -MP -MF"src/dma_test.d" -MT"src/dma_test.o" -o "src/dma_test.o" "../src/dma_test.c"
'Finished building: ../src/dma_test.c'
' '
'Building target: BRAM_DMA_TEST.elf'
'Invoking: ARM v7 gcc linker'
arm-none-eabi-gcc -mcpu=cortex-a9 -mfpu=vfpv3 -mfloat-abi=hard -Wl,-build-id=none -specs=Xilinx.spec -Wl,-T -Wl,../src/lscript.ld -L../../standalone_bsp_0/ps7_cortexa9_0/lib -o "BRAM_DMA_TEST.elf"  ./src/dma_test.o   -Wl,--start-group,-lxil,-lgcc,-lc,--end-group
'Finished building target: BRAM_DMA_TEST.elf'
' '
'Invoking: ARM v7 Print Size'
arm-none-eabi-size BRAM_DMA_TEST.elf  |tee "BRAM_DMA_TEST.elf.size"
   text	   data	    bss	    dec	    hex	filename
  40452	   2764	  25160	  68376	  10b18	BRAM_DMA_TEST.elf
'Finished building: BRAM_DMA_TEST.elf.size'
' '
18:45:05 **** Build of configuration Debug for project BRAM_App ****
make pre-build main-build 
a9-linaro-pre-build-step
' '
'Building file: ../src/bram_app.c'
'Invoking: ARM v7 gcc compiler'
arm-none-eabi-gcc -Wall -O0 -g3 -c -fmessage-length=0 -MT"src/bram_app.o" -mcpu=cortex-a9 -mfpu=vfpv3 -mfloat-abi=hard -I../../standalone_bsp_0/ps7_cortexa9_0/include -MMD -MP -MF"src/bram_app.d" -MT"src/bram_app.o" -o "src/bram_app.o" "../src/bram_app.c"
'Finished building: ../src/bram_app.c'
' '
'Building target: BRAM_App.elf'
'Invoking: ARM v7 gcc linker'
arm-none-eabi-gcc -mcpu=cortex-a9 -mfpu=vfpv3 -mfloat-abi=hard -Wl,-build-id=none -specs=Xilinx.spec -Wl,-T -Wl,../src/lscript.ld -L../../standalone_bsp_0/ps7_cortexa9_0/lib -o "BRAM_App.elf"  ./src/bram_app.o   -Wl,--start-group,-lxil,-lgcc,-lc,--end-group
'Finished building target: BRAM_App.elf'
' '
'Invoking: ARM v7 Print Size'
arm-none-eabi-size BRAM_App.elf  |tee "BRAM_App.elf.size"
   text	   data	    bss	    dec	    hex	filename
  22208	   1148	  22568	  45924	   b364	BRAM_App.elf
'Finished building: BRAM_App.elf.size'
' '
18:45:06 **** Incremental Build of configuration Debug for project x_bch ****
make pre-build main-build 
a9-linaro-pre-build-step
' '
'Building file: ../src/main.cc'
'Invoking: ARM v7 g++ compiler'
arm-none-eabi-g++ -Wall -O0 -g3 -c -fmessage-length=0 -MT"src/main.o" -mcpu=cortex-a9 -mfpu=vfpv3 -mfloat-abi=hard -I../../standalone_bsp_0/ps7_cortexa9_0/include -MMD -MP -MF"src/main.d" -MT"src/main.o" -o "src/main.o" "../src/main.cc"
../src/main.cc: In function 'void test_BCH_Encode()':
../src/main.cc:31:39: error: invalid conversion from 'unsigned char*' to 'char*' [-fpermissive]
  char * buffer = new unsigned char[500];
                                       ^
../src/main.cc:42:2: error: expected ';' before 'std'
  std::vector<unsigned char> parchk;
  ^~~
../src/main.cc:45:3: error: 'parchk' was not declared in this scope
   parchk.push_back(buffer[i]);
   ^~~~~~
../src/main.cc:49:40: error: 'parchk' was not declared in this scope
  EccLib::BCH bch = EccLib::BCH(genmat, parchk, 6, 3);
                                        ^~~~~~
../src/main.cc:51:6: warning: unused variable 'encoded_bit_len' [-Wunused-variable]
  int encoded_bit_len = 63;
      ^~~~~~~~~~~~~~~
../src/main.cc:52:6: warning: unused variable 't' [-Wunused-variable]
  int t = 3;
      ^
../src/main.cc:53:6: warning: unused variable 'mbytes' [-Wunused-variable]
  int mbytes = 1;
      ^~~~~~
../src/main.cc:62:7: warning: unused variable 'encoded' [-Wunused-variable]
  auto encoded = bch.Encode(input_bytes);
       ^~~~~~~
make: *** [src/main.o] Error 1
18:45:31 **** Incremental Build of configuration Debug for project IAlloc ****
make pre-build main-build 
a9-linaro-pre-build-step
' '
make: Nothing to be done for `main-build'.
18:45:31 **** Incremental Build of configuration Debug for project HelloWorld ****
make pre-build main-build 
a9-linaro-pre-build-step
' '
make: Nothing to be done for `main-build'.
18:45:32 **** Incremental Build of configuration Debug for project BRAM_DMA_TEST ****
make pre-build main-build 
a9-linaro-pre-build-step
' '
make: Nothing to be done for `main-build'.
18:45:33 **** Incremental Build of configuration Debug for project BRAM_App ****
make pre-build main-build 
a9-linaro-pre-build-step
' '
make: Nothing to be done for `main-build'.
18:45:34 **** Incremental Build of configuration Debug for project x_bch ****
make pre-build main-build 
a9-linaro-pre-build-step
' '
'Building file: ../src/main.cc'
'Invoking: ARM v7 g++ compiler'
arm-none-eabi-g++ -Wall -O0 -g3 -c -fmessage-length=0 -MT"src/main.o" -mcpu=cortex-a9 -mfpu=vfpv3 -mfloat-abi=hard -I../../standalone_bsp_0/ps7_cortexa9_0/include -MMD -MP -MF"src/main.d" -MT"src/main.o" -o "src/main.o" "../src/main.cc"
../src/main.cc: In function 'void test_BCH_Encode()':
../src/main.cc:31:39: error: invalid conversion from 'unsigned char*' to 'char*' [-fpermissive]
  char * buffer = new unsigned char[500];
                                       ^
../src/main.cc:51:6: warning: unused variable 'encoded_bit_len' [-Wunused-variable]
  int encoded_bit_len = 63;
      ^~~~~~~~~~~~~~~
../src/main.cc:52:6: warning: unused variable 't' [-Wunused-variable]
  int t = 3;
      ^
../src/main.cc:53:6: warning: unused variable 'mbytes' [-Wunused-variable]
  int mbytes = 1;
      ^~~~~~
../src/main.cc:62:7: warning: unused variable 'encoded' [-Wunused-variable]
  auto encoded = bch.Encode(input_bytes);
       ^~~~~~~
make: *** [src/main.o] Error 1
18:46:07 **** Incremental Build of configuration Debug for project x_bch ****
make pre-build main-build 
a9-linaro-pre-build-step
' '
'Building file: ../src/main.cc'
'Invoking: ARM v7 g++ compiler'
arm-none-eabi-g++ -Wall -O0 -g3 -c -fmessage-length=0 -MT"src/main.o" -mcpu=cortex-a9 -mfpu=vfpv3 -mfloat-abi=hard -I../../standalone_bsp_0/ps7_cortexa9_0/include -MMD -MP -MF"src/main.d" -MT"src/main.o" -o "src/main.o" "../src/main.cc"
../src/main.cc: In function 'void test_BCH_Encode()':
../src/main.cc:51:6: warning: unused variable 'encoded_bit_len' [-Wunused-variable]
  int encoded_bit_len = 63;
      ^~~~~~~~~~~~~~~
../src/main.cc:52:6: warning: unused variable 't' [-Wunused-variable]
  int t = 3;
      ^
../src/main.cc:53:6: warning: unused variable 'mbytes' [-Wunused-variable]
  int mbytes = 1;
      ^~~~~~
../src/main.cc:62:7: warning: unused variable 'encoded' [-Wunused-variable]
  auto encoded = bch.Encode(input_bytes);
       ^~~~~~~
'Finished building: ../src/main.cc'
' '
'Building target: x_bch.elf'
'Invoking: ARM v7 g++ linker'
arm-none-eabi-g++ -mcpu=cortex-a9 -mfpu=vfpv3 -mfloat-abi=hard -Wl,-build-id=none -specs=Xilinx.spec -Wl,-T -Wl,../src/lscript.ld -L../../standalone_bsp_0/ps7_cortexa9_0/lib -o "x_bch.elf"  ./src/BinaryMatrix.o ./src/GFMatrix.o ./src/GaloisField.o ./src/ecclib.o ./src/main.o ./src/platform.o   -Wl,--start-group,-lxil,-lgcc,-lc,-lstdc++,--end-group
'Finished building target: x_bch.elf'
' '
'Invoking: ARM v7 Print Size'
arm-none-eabi-size x_bch.elf  |tee "x_bch.elf.size"
   text	   data	    bss	    dec	    hex	filename
 816514	   2836	110253660	111073010	69ed6f2	x_bch.elf
'Finished building: x_bch.elf.size'
' '
18:47:43 **** Incremental Build of configuration Debug for project x_bch ****
make pre-build main-build 
a9-linaro-pre-build-step
' '
'Building file: ../src/main.cc'
'Invoking: ARM v7 g++ compiler'
arm-none-eabi-g++ -Wall -O0 -g3 -c -fmessage-length=0 -MT"src/main.o" -mcpu=cortex-a9 -mfpu=vfpv3 -mfloat-abi=hard -I../../standalone_bsp_0/ps7_cortexa9_0/include -MMD -MP -MF"src/main.d" -MT"src/main.o" -o "src/main.o" "../src/main.cc"
../src/main.cc: In function 'void test_BCH_Encode()':
../src/main.cc:51:6: warning: unused variable 'encoded_bit_len' [-Wunused-variable]
  int encoded_bit_len = 63;
      ^~~~~~~~~~~~~~~
../src/main.cc:52:6: warning: unused variable 't' [-Wunused-variable]
  int t = 3;
      ^
../src/main.cc:53:6: warning: unused variable 'mbytes' [-Wunused-variable]
  int mbytes = 1;
      ^~~~~~
../src/main.cc:62:7: warning: unused variable 'encoded' [-Wunused-variable]
  auto encoded = bch.Encode(input_bytes);
       ^~~~~~~
'Finished building: ../src/main.cc'
' '
'Building target: x_bch.elf'
'Invoking: ARM v7 g++ linker'
arm-none-eabi-g++ -mcpu=cortex-a9 -mfpu=vfpv3 -mfloat-abi=hard -Wl,-build-id=none -specs=Xilinx.spec -Wl,-T -Wl,../src/lscript.ld -L../../standalone_bsp_0/ps7_cortexa9_0/lib -o "x_bch.elf"  ./src/BinaryMatrix.o ./src/GFMatrix.o ./src/GaloisField.o ./src/ecclib.o ./src/main.o ./src/platform.o   -Wl,--start-group,-lxil,-lgcc,-lc,-lstdc++,--end-group
'Finished building target: x_bch.elf'
' '
'Invoking: ARM v7 Print Size'
arm-none-eabi-size x_bch.elf  |tee "x_bch.elf.size"
   text	   data	    bss	    dec	    hex	filename
 816514	   2836	110253660	111073010	69ed6f2	x_bch.elf
'Finished building: x_bch.elf.size'
' '
18:48:43 **** Incremental Build of configuration Debug for project x_bch ****
make pre-build main-build 
a9-linaro-pre-build-step
' '
'Building file: ../src/main.cc'
'Invoking: ARM v7 g++ compiler'
arm-none-eabi-g++ -Wall -O0 -g3 -c -fmessage-length=0 -MT"src/main.o" -mcpu=cortex-a9 -mfpu=vfpv3 -mfloat-abi=hard -I../../standalone_bsp_0/ps7_cortexa9_0/include -MMD -MP -MF"src/main.d" -MT"src/main.o" -o "src/main.o" "../src/main.cc"
../src/main.cc: In function 'void test_BCH_Encode()':
../src/main.cc:51:6: warning: unused variable 'encoded_bit_len' [-Wunused-variable]
  int encoded_bit_len = 63;
      ^~~~~~~~~~~~~~~
../src/main.cc:52:6: warning: unused variable 't' [-Wunused-variable]
  int t = 3;
      ^
../src/main.cc:53:6: warning: unused variable 'mbytes' [-Wunused-variable]
  int mbytes = 1;
      ^~~~~~
../src/main.cc:62:7: warning: unused variable 'encoded' [-Wunused-variable]
  auto encoded = bch.Encode(input_bytes);
       ^~~~~~~
'Finished building: ../src/main.cc'
' '
'Building target: x_bch.elf'
'Invoking: ARM v7 g++ linker'
arm-none-eabi-g++ -mcpu=cortex-a9 -mfpu=vfpv3 -mfloat-abi=hard -Wl,-build-id=none -specs=Xilinx.spec -Wl,-T -Wl,../src/lscript.ld -L../../standalone_bsp_0/ps7_cortexa9_0/lib -o "x_bch.elf"  ./src/BinaryMatrix.o ./src/GFMatrix.o ./src/GaloisField.o ./src/ecclib.o ./src/main.o ./src/platform.o   -Wl,--start-group,-lxil,-lgcc,-lc,-lstdc++,--end-group
'Finished building target: x_bch.elf'
' '
'Invoking: ARM v7 Print Size'
arm-none-eabi-size x_bch.elf  |tee "x_bch.elf.size"
   text	   data	    bss	    dec	    hex	filename
 816514	   2836	110253660	111073010	69ed6f2	x_bch.elf
'Finished building: x_bch.elf.size'
' '
18:52:39 **** Incremental Build of configuration Debug for project x_bch ****
make pre-build main-build 
a9-linaro-pre-build-step
' '
'Building file: ../src/main.cc'
'Invoking: ARM v7 g++ compiler'
arm-none-eabi-g++ -Wall -O0 -g3 -c -fmessage-length=0 -MT"src/main.o" -mcpu=cortex-a9 -mfpu=vfpv3 -mfloat-abi=hard -I../../standalone_bsp_0/ps7_cortexa9_0/include -MMD -MP -MF"src/main.d" -MT"src/main.o" -o "src/main.o" "../src/main.cc"
../src/main.cc: In function 'void test_BCH_Encode()':
../src/main.cc:53:6: warning: unused variable 'encoded_bit_len' [-Wunused-variable]
  int encoded_bit_len = 63;
      ^~~~~~~~~~~~~~~
../src/main.cc:54:6: warning: unused variable 't' [-Wunused-variable]
  int t = 3;
      ^
../src/main.cc:55:6: warning: unused variable 'mbytes' [-Wunused-variable]
  int mbytes = 1;
      ^~~~~~
../src/main.cc:64:7: warning: unused variable 'encoded' [-Wunused-variable]
  auto encoded = bch.Encode(input_bytes);
       ^~~~~~~
'Finished building: ../src/main.cc'
' '
'Building target: x_bch.elf'
'Invoking: ARM v7 g++ linker'
arm-none-eabi-g++ -mcpu=cortex-a9 -mfpu=vfpv3 -mfloat-abi=hard -Wl,-build-id=none -specs=Xilinx.spec -Wl,-T -Wl,../src/lscript.ld -L../../standalone_bsp_0/ps7_cortexa9_0/lib -o "x_bch.elf"  ./src/BinaryMatrix.o ./src/GFMatrix.o ./src/GaloisField.o ./src/ecclib.o ./src/main.o ./src/platform.o   -Wl,--start-group,-lxil,-lgcc,-lc,-lstdc++,--end-group
'Finished building target: x_bch.elf'
' '
'Invoking: ARM v7 Print Size'
arm-none-eabi-size x_bch.elf  |tee "x_bch.elf.size"
   text	   data	    bss	    dec	    hex	filename
 816578	   2836	110253660	111073074	69ed732	x_bch.elf
'Finished building: x_bch.elf.size'
' '
18:55:08 **** Incremental Build of configuration Debug for project x_bch ****
make pre-build main-build 
a9-linaro-pre-build-step
' '
make: Nothing to be done for `main-build'.
18:56:42 **** Incremental Build of configuration Debug for project x_bch ****
make pre-build main-build 
a9-linaro-pre-build-step
' '
make: Nothing to be done for `main-build'.
18:58:52 **** Incremental Build of configuration Debug for project x_bch ****
make pre-build main-build 
a9-linaro-pre-build-step
' '
make: Nothing to be done for `main-build'.
19:00:09 **** Incremental Build of configuration Debug for project x_bch ****
make pre-build main-build 
a9-linaro-pre-build-step
' '
make: Nothing to be done for `main-build'.
19:11:03 **** Incremental Build of configuration Debug for project x_bch ****
make pre-build main-build 
a9-linaro-pre-build-step
' '
make: Nothing to be done for `main-build'.
19:12:40 **** Incremental Build of configuration Debug for project x_bch ****
make pre-build main-build 
a9-linaro-pre-build-step
' '
make: Nothing to be done for `main-build'.
19:18:46 **** Incremental Build of configuration Debug for project x_bch ****
make pre-build main-build 
a9-linaro-pre-build-step
' '
'Building file: ../src/main.cc'
'Invoking: ARM v7 g++ compiler'
arm-none-eabi-g++ -Wall -O0 -g3 -c -fmessage-length=0 -MT"src/main.o" -mcpu=cortex-a9 -mfpu=vfpv3 -mfloat-abi=hard -I../../standalone_bsp_0/ps7_cortexa9_0/include -MMD -MP -MF"src/main.d" -MT"src/main.o" -o "src/main.o" "../src/main.cc"
../src/main.cc: In function 'void test_BCH_Encode()':
../src/main.cc:53:6: warning: unused variable 'encoded_bit_len' [-Wunused-variable]
  int encoded_bit_len = 63;
      ^~~~~~~~~~~~~~~
../src/main.cc:54:6: warning: unused variable 't' [-Wunused-variable]
  int t = 3;
      ^
../src/main.cc:55:6: warning: unused variable 'mbytes' [-Wunused-variable]
  int mbytes = 1;
      ^~~~~~
../src/main.cc:64:7: warning: unused variable 'encoded' [-Wunused-variable]
  auto encoded = bch.Encode(input_bytes);
       ^~~~~~~
'Finished building: ../src/main.cc'
' '
'Building target: x_bch.elf'
'Invoking: ARM v7 g++ linker'
arm-none-eabi-g++ -mcpu=cortex-a9 -mfpu=vfpv3 -mfloat-abi=hard -Wl,-build-id=none -specs=Xilinx.spec -Wl,-T -Wl,../src/lscript.ld -L../../standalone_bsp_0/ps7_cortexa9_0/lib -o "x_bch.elf"  ./src/BinaryMatrix.o ./src/GFMatrix.o ./src/GaloisField.o ./src/ecclib.o ./src/main.o ./src/platform.o   -Wl,--start-group,-lxil,-lgcc,-lc,-lstdc++,--end-group
'Finished building target: x_bch.elf'
' '
'Invoking: ARM v7 Print Size'
arm-none-eabi-size x_bch.elf  |tee "x_bch.elf.size"
   text	   data	    bss	    dec	    hex	filename
 816514	   2836	110253660	111073010	69ed6f2	x_bch.elf
'Finished building: x_bch.elf.size'
' '
19:24:31 **** Incremental Build of configuration Debug for project x_bch ****
make pre-build main-build 
a9-linaro-pre-build-step
' '
make: Nothing to be done for `main-build'.
19:29:24 **** Incremental Build of configuration Debug for project x_bch ****
make pre-build main-build 
a9-linaro-pre-build-step
' '
'Building file: ../src/main.cc'
'Invoking: ARM v7 g++ compiler'
arm-none-eabi-g++ -Wall -O0 -g3 -c -fmessage-length=0 -MT"src/main.o" -mcpu=cortex-a9 -mfpu=vfpv3 -mfloat-abi=hard -I../../standalone_bsp_0/ps7_cortexa9_0/include -MMD -MP -MF"src/main.d" -MT"src/main.o" -o "src/main.o" "../src/main.cc"
../src/main.cc: In function 'void test_BCH_Encode()':
../src/main.cc:53:6: warning: unused variable 'encoded_bit_len' [-Wunused-variable]
  int encoded_bit_len = 63;
      ^~~~~~~~~~~~~~~
../src/main.cc:54:6: warning: unused variable 't' [-Wunused-variable]
  int t = 3;
      ^
../src/main.cc:55:6: warning: unused variable 'mbytes' [-Wunused-variable]
  int mbytes = 1;
      ^~~~~~
../src/main.cc:64:7: warning: unused variable 'encoded' [-Wunused-variable]
  auto encoded = bch.Encode(input_bytes);
       ^~~~~~~
'Finished building: ../src/main.cc'
' '
'Building target: x_bch.elf'
'Invoking: ARM v7 g++ linker'
arm-none-eabi-g++ -mcpu=cortex-a9 -mfpu=vfpv3 -mfloat-abi=hard -Wl,-build-id=none -specs=Xilinx.spec -Wl,-T -Wl,../src/lscript.ld -L../../standalone_bsp_0/ps7_cortexa9_0/lib -o "x_bch.elf"  ./src/BinaryMatrix.o ./src/GFMatrix.o ./src/GaloisField.o ./src/ecclib.o ./src/main.o ./src/platform.o   -Wl,--start-group,-lxil,-lgcc,-lc,-lstdc++,--end-group
'Finished building target: x_bch.elf'
' '
'Invoking: ARM v7 Print Size'
arm-none-eabi-size x_bch.elf  |tee "x_bch.elf.size"
   text	   data	    bss	    dec	    hex	filename
 816514	   2836	110253660	111073010	69ed6f2	x_bch.elf
'Finished building: x_bch.elf.size'
' '
19:31:33 **** Incremental Build of configuration Debug for project x_bch ****
make pre-build main-build 
a9-linaro-pre-build-step
' '
'Building file: ../src/main.cc'
'Invoking: ARM v7 g++ compiler'
arm-none-eabi-g++ -Wall -O0 -g3 -c -fmessage-length=0 -MT"src/main.o" -mcpu=cortex-a9 -mfpu=vfpv3 -mfloat-abi=hard -I../../standalone_bsp_0/ps7_cortexa9_0/include -MMD -MP -MF"src/main.d" -MT"src/main.o" -o "src/main.o" "../src/main.cc"
../src/main.cc: In function 'void test_BCH_Encode()':
../src/main.cc:53:6: warning: unused variable 'encoded_bit_len' [-Wunused-variable]
  int encoded_bit_len = 63;
      ^~~~~~~~~~~~~~~
../src/main.cc:54:6: warning: unused variable 't' [-Wunused-variable]
  int t = 3;
      ^
../src/main.cc:55:6: warning: unused variable 'mbytes' [-Wunused-variable]
  int mbytes = 1;
      ^~~~~~
../src/main.cc:64:7: warning: unused variable 'encoded' [-Wunused-variable]
  auto encoded = bch.Encode(input_bytes);
       ^~~~~~~
'Finished building: ../src/main.cc'
' '
'Building target: x_bch.elf'
'Invoking: ARM v7 g++ linker'
arm-none-eabi-g++ -mcpu=cortex-a9 -mfpu=vfpv3 -mfloat-abi=hard -Wl,-build-id=none -specs=Xilinx.spec -Wl,-T -Wl,../src/lscript.ld -L../../standalone_bsp_0/ps7_cortexa9_0/lib -o "x_bch.elf"  ./src/BinaryMatrix.o ./src/GFMatrix.o ./src/GaloisField.o ./src/ecclib.o ./src/main.o ./src/platform.o   -Wl,--start-group,-lxil,-lgcc,-lc,-lstdc++,--end-group
'Finished building target: x_bch.elf'
' '
'Invoking: ARM v7 Print Size'
arm-none-eabi-size x_bch.elf  |tee "x_bch.elf.size"
   text	   data	    bss	    dec	    hex	filename
 816578	   2836	110253660	111073074	69ed732	x_bch.elf
'Finished building: x_bch.elf.size'
' '
19:40:38 **** Incremental Build of configuration Debug for project x_bch ****
make pre-build main-build 
a9-linaro-pre-build-step
' '
'Building file: ../src/main.cc'
'Invoking: ARM v7 g++ compiler'
arm-none-eabi-g++ -Wall -O0 -g3 -c -fmessage-length=0 -MT"src/main.o" -mcpu=cortex-a9 -mfpu=vfpv3 -mfloat-abi=hard -I../../standalone_bsp_0/ps7_cortexa9_0/include -MMD -MP -MF"src/main.d" -MT"src/main.o" -o "src/main.o" "../src/main.cc"
../src/main.cc: In function 'void test_BCH_Encode()':
../src/main.cc:54:6: warning: unused variable 'encoded_bit_len' [-Wunused-variable]
  int encoded_bit_len = 63;
      ^~~~~~~~~~~~~~~
../src/main.cc:55:6: warning: unused variable 't' [-Wunused-variable]
  int t = 3;
      ^
../src/main.cc:56:6: warning: unused variable 'mbytes' [-Wunused-variable]
  int mbytes = 1;
      ^~~~~~
../src/main.cc:65:7: warning: unused variable 'encoded' [-Wunused-variable]
  auto encoded = bch.Encode(input_bytes);
       ^~~~~~~
'Finished building: ../src/main.cc'
' '
'Building target: x_bch.elf'
'Invoking: ARM v7 g++ linker'
arm-none-eabi-g++ -mcpu=cortex-a9 -mfpu=vfpv3 -mfloat-abi=hard -Wl,-build-id=none -specs=Xilinx.spec -Wl,-T -Wl,../src/lscript.ld -L../../standalone_bsp_0/ps7_cortexa9_0/lib -o "x_bch.elf"  ./src/BinaryMatrix.o ./src/GFMatrix.o ./src/GaloisField.o ./src/ecclib.o ./src/main.o ./src/platform.o   -Wl,--start-group,-lxil,-lgcc,-lc,-lstdc++,--end-group
'Finished building target: x_bch.elf'
' '
'Invoking: ARM v7 Print Size'
arm-none-eabi-size x_bch.elf  |tee "x_bch.elf.size"
   text	   data	    bss	    dec	    hex	filename
 816578	   2836	110253660	111073074	69ed732	x_bch.elf
'Finished building: x_bch.elf.size'
' '
19:47:56 **** Incremental Build of configuration Debug for project x_bch ****
make pre-build main-build 
a9-linaro-pre-build-step
' '
'Building file: ../src/BinaryMatrix.cpp'
'Invoking: ARM v7 g++ compiler'
arm-none-eabi-g++ -Wall -O0 -g3 -c -fmessage-length=0 -MT"src/BinaryMatrix.o" -mcpu=cortex-a9 -mfpu=vfpv3 -mfloat-abi=hard -I../../standalone_bsp_0/ps7_cortexa9_0/include -MMD -MP -MF"src/BinaryMatrix.d" -MT"src/BinaryMatrix.o" -o "src/BinaryMatrix.o" "../src/BinaryMatrix.cpp"
../src/BinaryMatrix.cpp:25:16: error: prototype for 'EccLib::BinaryMatrix* EccLib::BinaryMatrix::Load(std::vector<unsigned char>)' does not match any in class 'EccLib::BinaryMatrix'
  BinaryMatrix* BinaryMatrix::Load(std::vector<unsigned char> buffer)
                ^~~~~~~~~~~~
In file included from ../src/BinaryMatrix.cpp:1:0:
../src/BinaryMatrix.h:20:24: error: candidate is: static EccLib::BinaryMatrix* EccLib::BinaryMatrix::Load(std::vector<unsigned char>&)
   static BinaryMatrix* Load(std::vector<unsigned char> &file);
                        ^~~~
make: *** [src/BinaryMatrix.o] Error 1
19:48:39 **** Incremental Build of configuration Debug for project x_bch ****
make pre-build main-build 
a9-linaro-pre-build-step
' '
'Building file: ../src/BinaryMatrix.cpp'
'Invoking: ARM v7 g++ compiler'
arm-none-eabi-g++ -Wall -O0 -g3 -c -fmessage-length=0 -MT"src/BinaryMatrix.o" -mcpu=cortex-a9 -mfpu=vfpv3 -mfloat-abi=hard -I../../standalone_bsp_0/ps7_cortexa9_0/include -MMD -MP -MF"src/BinaryMatrix.d" -MT"src/BinaryMatrix.o" -o "src/BinaryMatrix.o" "../src/BinaryMatrix.cpp"
'Finished building: ../src/BinaryMatrix.cpp'
' '
'Building file: ../src/GFMatrix.cpp'
'Invoking: ARM v7 g++ compiler'
arm-none-eabi-g++ -Wall -O0 -g3 -c -fmessage-length=0 -MT"src/GFMatrix.o" -mcpu=cortex-a9 -mfpu=vfpv3 -mfloat-abi=hard -I../../standalone_bsp_0/ps7_cortexa9_0/include -MMD -MP -MF"src/GFMatrix.d" -MT"src/GFMatrix.o" -o "src/GFMatrix.o" "../src/GFMatrix.cpp"
'Finished building: ../src/GFMatrix.cpp'
' '
'Building file: ../src/ecclib.cpp'
'Invoking: ARM v7 g++ compiler'
arm-none-eabi-g++ -Wall -O0 -g3 -c -fmessage-length=0 -MT"src/ecclib.o" -mcpu=cortex-a9 -mfpu=vfpv3 -mfloat-abi=hard -I../../standalone_bsp_0/ps7_cortexa9_0/include -MMD -MP -MF"src/ecclib.d" -MT"src/ecclib.o" -o "src/ecclib.o" "../src/ecclib.cpp"
'Finished building: ../src/ecclib.cpp'
' '
'Building file: ../src/main.cc'
'Invoking: ARM v7 g++ compiler'
arm-none-eabi-g++ -Wall -O0 -g3 -c -fmessage-length=0 -MT"src/main.o" -mcpu=cortex-a9 -mfpu=vfpv3 -mfloat-abi=hard -I../../standalone_bsp_0/ps7_cortexa9_0/include -MMD -MP -MF"src/main.d" -MT"src/main.o" -o "src/main.o" "../src/main.cc"
../src/main.cc: In function 'void test_BCH_Encode()':
../src/main.cc:54:6: warning: unused variable 'encoded_bit_len' [-Wunused-variable]
  int encoded_bit_len = 63;
      ^~~~~~~~~~~~~~~
../src/main.cc:55:6: warning: unused variable 't' [-Wunused-variable]
  int t = 3;
      ^
../src/main.cc:56:6: warning: unused variable 'mbytes' [-Wunused-variable]
  int mbytes = 1;
      ^~~~~~
../src/main.cc:65:7: warning: unused variable 'encoded' [-Wunused-variable]
  auto encoded = bch.Encode(input_bytes);
       ^~~~~~~
'Finished building: ../src/main.cc'
' '
'Building target: x_bch.elf'
'Invoking: ARM v7 g++ linker'
arm-none-eabi-g++ -mcpu=cortex-a9 -mfpu=vfpv3 -mfloat-abi=hard -Wl,-build-id=none -specs=Xilinx.spec -Wl,-T -Wl,../src/lscript.ld -L../../standalone_bsp_0/ps7_cortexa9_0/lib -o "x_bch.elf"  ./src/BinaryMatrix.o ./src/GFMatrix.o ./src/GaloisField.o ./src/ecclib.o ./src/main.o ./src/platform.o   -Wl,--start-group,-lxil,-lgcc,-lc,-lstdc++,--end-group
'Finished building target: x_bch.elf'
' '
'Invoking: ARM v7 Print Size'
arm-none-eabi-size x_bch.elf  |tee "x_bch.elf.size"
   text	   data	    bss	    dec	    hex	filename
 816414	   2836	110253660	111072910	69ed68e	x_bch.elf
'Finished building: x_bch.elf.size'
' '
19:51:06 **** Incremental Build of configuration Debug for project x_bch ****
make pre-build main-build 
a9-linaro-pre-build-step
' '
'Building file: ../src/BinaryMatrix.cpp'
'Invoking: ARM v7 g++ compiler'
arm-none-eabi-g++ -Wall -O0 -g3 -c -fmessage-length=0 -MT"src/BinaryMatrix.o" -mcpu=cortex-a9 -mfpu=vfpv3 -mfloat-abi=hard -I../../standalone_bsp_0/ps7_cortexa9_0/include -MMD -MP -MF"src/BinaryMatrix.d" -MT"src/BinaryMatrix.o" -o "src/BinaryMatrix.o" "../src/BinaryMatrix.cpp"
'Finished building: ../src/BinaryMatrix.cpp'
' '
'Building file: ../src/GFMatrix.cpp'
'Invoking: ARM v7 g++ compiler'
arm-none-eabi-g++ -Wall -O0 -g3 -c -fmessage-length=0 -MT"src/GFMatrix.o" -mcpu=cortex-a9 -mfpu=vfpv3 -mfloat-abi=hard -I../../standalone_bsp_0/ps7_cortexa9_0/include -MMD -MP -MF"src/GFMatrix.d" -MT"src/GFMatrix.o" -o "src/GFMatrix.o" "../src/GFMatrix.cpp"
'Finished building: ../src/GFMatrix.cpp'
' '
'Building file: ../src/GaloisField.cpp'
'Invoking: ARM v7 g++ compiler'
arm-none-eabi-g++ -Wall -O0 -g3 -c -fmessage-length=0 -MT"src/GaloisField.o" -mcpu=cortex-a9 -mfpu=vfpv3 -mfloat-abi=hard -I../../standalone_bsp_0/ps7_cortexa9_0/include -MMD -MP -MF"src/GaloisField.d" -MT"src/GaloisField.o" -o "src/GaloisField.o" "../src/GaloisField.cpp"
'Finished building: ../src/GaloisField.cpp'
' '
'Building file: ../src/ecclib.cpp'
'Invoking: ARM v7 g++ compiler'
arm-none-eabi-g++ -Wall -O0 -g3 -c -fmessage-length=0 -MT"src/ecclib.o" -mcpu=cortex-a9 -mfpu=vfpv3 -mfloat-abi=hard -I../../standalone_bsp_0/ps7_cortexa9_0/include -MMD -MP -MF"src/ecclib.d" -MT"src/ecclib.o" -o "src/ecclib.o" "../src/ecclib.cpp"
'Finished building: ../src/ecclib.cpp'
' '
'Building file: ../src/main.cc'
'Invoking: ARM v7 g++ compiler'
arm-none-eabi-g++ -Wall -O0 -g3 -c -fmessage-length=0 -MT"src/main.o" -mcpu=cortex-a9 -mfpu=vfpv3 -mfloat-abi=hard -I../../standalone_bsp_0/ps7_cortexa9_0/include -MMD -MP -MF"src/main.d" -MT"src/main.o" -o "src/main.o" "../src/main.cc"
../src/main.cc: In function 'void test_BCH_Encode()':
../src/main.cc:54:6: warning: unused variable 'encoded_bit_len' [-Wunused-variable]
  int encoded_bit_len = 63;
      ^~~~~~~~~~~~~~~
../src/main.cc:55:6: warning: unused variable 't' [-Wunused-variable]
  int t = 3;
      ^
../src/main.cc:56:6: warning: unused variable 'mbytes' [-Wunused-variable]
  int mbytes = 1;
      ^~~~~~
../src/main.cc:65:7: warning: unused variable 'encoded' [-Wunused-variable]
  auto encoded = bch.Encode(input_bytes);
       ^~~~~~~
'Finished building: ../src/main.cc'
' '
'Building target: x_bch.elf'
'Invoking: ARM v7 g++ linker'
arm-none-eabi-g++ -mcpu=cortex-a9 -mfpu=vfpv3 -mfloat-abi=hard -Wl,-build-id=none -specs=Xilinx.spec -Wl,-T -Wl,../src/lscript.ld -L../../standalone_bsp_0/ps7_cortexa9_0/lib -o "x_bch.elf"  ./src/BinaryMatrix.o ./src/GFMatrix.o ./src/GaloisField.o ./src/ecclib.o ./src/main.o ./src/platform.o   -Wl,--start-group,-lxil,-lgcc,-lc,-lstdc++,--end-group
'Finished building target: x_bch.elf'
' '
'Invoking: ARM v7 Print Size'
arm-none-eabi-size x_bch.elf  |tee "x_bch.elf.size"
   text	   data	    bss	    dec	    hex	filename
 814590	   2836	110253660	111071086	69ecf6e	x_bch.elf
'Finished building: x_bch.elf.size'
' '
19:59:59 **** Incremental Build of configuration Debug for project x_bch ****
make pre-build main-build 
a9-linaro-pre-build-step
' '
'Building file: ../src/main.cc'
'Invoking: ARM v7 g++ compiler'
arm-none-eabi-g++ -Wall -O0 -g3 -c -fmessage-length=0 -MT"src/main.o" -mcpu=cortex-a9 -mfpu=vfpv3 -mfloat-abi=hard -I../../standalone_bsp_0/ps7_cortexa9_0/include -MMD -MP -MF"src/main.d" -MT"src/main.o" -o "src/main.o" "../src/main.cc"
../src/main.cc: In function 'void test_BCH_Encode()':
../src/main.cc:54:6: warning: unused variable 'encoded_bit_len' [-Wunused-variable]
  int encoded_bit_len = 63;
      ^~~~~~~~~~~~~~~
../src/main.cc:55:6: warning: unused variable 't' [-Wunused-variable]
  int t = 3;
      ^
../src/main.cc:56:6: warning: unused variable 'mbytes' [-Wunused-variable]
  int mbytes = 1;
      ^~~~~~
../src/main.cc:65:7: warning: unused variable 'encoded' [-Wunused-variable]
  auto encoded = bch.Encode(input_bytes);
       ^~~~~~~
'Finished building: ../src/main.cc'
' '
'Building target: x_bch.elf'
'Invoking: ARM v7 g++ linker'
arm-none-eabi-g++ -mcpu=cortex-a9 -mfpu=vfpv3 -mfloat-abi=hard -Wl,-build-id=none -specs=Xilinx.spec -Wl,-T -Wl,../src/lscript.ld -L../../standalone_bsp_0/ps7_cortexa9_0/lib -o "x_bch.elf"  ./src/BinaryMatrix.o ./src/GFMatrix.o ./src/GaloisField.o ./src/ecclib.o ./src/main.o ./src/platform.o   -Wl,--start-group,-lxil,-lgcc,-lc,-lstdc++,--end-group
'Finished building target: x_bch.elf'
' '
'Invoking: ARM v7 Print Size'
arm-none-eabi-size x_bch.elf  |tee "x_bch.elf.size"
   text	   data	    bss	    dec	    hex	filename
 814590	   2836	110253660	111071086	69ecf6e	x_bch.elf
'Finished building: x_bch.elf.size'
' '
20:02:19 **** Incremental Build of configuration Debug for project x_bch ****
make pre-build main-build 
a9-linaro-pre-build-step
' '
make: Nothing to be done for `main-build'.
20:10:19 **** Incremental Build of configuration Debug for project x_bch ****
make pre-build main-build 
a9-linaro-pre-build-step
' '
'Building file: ../src/main.cc'
'Invoking: ARM v7 g++ compiler'
arm-none-eabi-g++ -Wall -O0 -g3 -c -fmessage-length=0 -MT"src/main.o" -mcpu=cortex-a9 -mfpu=vfpv3 -mfloat-abi=hard -I../../standalone_bsp_0/ps7_cortexa9_0/include -MMD -MP -MF"src/main.d" -MT"src/main.o" -o "src/main.o" "../src/main.cc"
../src/main.cc: In function 'void test_BCH_Encode()':
../src/main.cc:40:15: error: 'buffer' was not declared in this scope
  std::cin.get(buffer, 385);
               ^~~~~~
../src/main.cc:62:6: warning: unused variable 'encoded_bit_len' [-Wunused-variable]
  int encoded_bit_len = 63;
      ^~~~~~~~~~~~~~~
../src/main.cc:63:6: warning: unused variable 't' [-Wunused-variable]
  int t = 3;
      ^
../src/main.cc:64:6: warning: unused variable 'mbytes' [-Wunused-variable]
  int mbytes = 1;
      ^~~~~~
../src/main.cc:73:7: warning: unused variable 'encoded' [-Wunused-variable]
  auto encoded = bch.Encode(input_bytes);
       ^~~~~~~
make: *** [src/main.o] Error 1
20:10:44 **** Incremental Build of configuration Debug for project x_bch ****
make pre-build main-build 
a9-linaro-pre-build-step
' '
'Building file: ../src/main.cc'
'Invoking: ARM v7 g++ compiler'
arm-none-eabi-g++ -Wall -O0 -g3 -c -fmessage-length=0 -MT"src/main.o" -mcpu=cortex-a9 -mfpu=vfpv3 -mfloat-abi=hard -I../../standalone_bsp_0/ps7_cortexa9_0/include -MMD -MP -MF"src/main.d" -MT"src/main.o" -o "src/main.o" "../src/main.cc"
../src/main.cc: In function 'void test_BCH_Encode()':
../src/main.cc:62:6: warning: unused variable 'encoded_bit_len' [-Wunused-variable]
  int encoded_bit_len = 63;
      ^~~~~~~~~~~~~~~
../src/main.cc:63:6: warning: unused variable 't' [-Wunused-variable]
  int t = 3;
      ^
../src/main.cc:64:6: warning: unused variable 'mbytes' [-Wunused-variable]
  int mbytes = 1;
      ^~~~~~
../src/main.cc:73:7: warning: unused variable 'encoded' [-Wunused-variable]
  auto encoded = bch.Encode(input_bytes);
       ^~~~~~~
'Finished building: ../src/main.cc'
' '
'Building target: x_bch.elf'
'Invoking: ARM v7 g++ linker'
arm-none-eabi-g++ -mcpu=cortex-a9 -mfpu=vfpv3 -mfloat-abi=hard -Wl,-build-id=none -specs=Xilinx.spec -Wl,-T -Wl,../src/lscript.ld -L../../standalone_bsp_0/ps7_cortexa9_0/lib -o "x_bch.elf"  ./src/BinaryMatrix.o ./src/GFMatrix.o ./src/GaloisField.o ./src/ecclib.o ./src/main.o ./src/platform.o   -Wl,--start-group,-lxil,-lgcc,-lc,-lstdc++,--end-group
'Finished building target: x_bch.elf'
' '
'Invoking: ARM v7 Print Size'
arm-none-eabi-size x_bch.elf  |tee "x_bch.elf.size"
   text	   data	    bss	    dec	    hex	filename
 813998	   2836	110253660	111070494	69ecd1e	x_bch.elf
'Finished building: x_bch.elf.size'
' '
20:13:39 **** Incremental Build of configuration Debug for project x_bch ****
make pre-build main-build 
a9-linaro-pre-build-step
' '
make: Nothing to be done for `main-build'.
20:15:36 **** Incremental Build of configuration Debug for project x_bch ****
make pre-build main-build 
a9-linaro-pre-build-step
' '
'Building file: ../src/main.cc'
'Invoking: ARM v7 g++ compiler'
arm-none-eabi-g++ -Wall -O0 -g3 -c -fmessage-length=0 -MT"src/main.o" -mcpu=cortex-a9 -mfpu=vfpv3 -mfloat-abi=hard -I../../standalone_bsp_0/ps7_cortexa9_0/include -MMD -MP -MF"src/main.d" -MT"src/main.o" -o "src/main.o" "../src/main.cc"
../src/main.cc: In function 'void test_BCH_Encode()':
../src/main.cc:62:6: warning: unused variable 'encoded_bit_len' [-Wunused-variable]
  int encoded_bit_len = 63;
      ^~~~~~~~~~~~~~~
../src/main.cc:63:6: warning: unused variable 't' [-Wunused-variable]
  int t = 3;
      ^
../src/main.cc:64:6: warning: unused variable 'mbytes' [-Wunused-variable]
  int mbytes = 1;
      ^~~~~~
../src/main.cc:73:7: warning: unused variable 'encoded' [-Wunused-variable]
  auto encoded = bch.Encode(input_bytes);
       ^~~~~~~
'Finished building: ../src/main.cc'
' '
'Building target: x_bch.elf'
'Invoking: ARM v7 g++ linker'
arm-none-eabi-g++ -mcpu=cortex-a9 -mfpu=vfpv3 -mfloat-abi=hard -Wl,-build-id=none -specs=Xilinx.spec -Wl,-T -Wl,../src/lscript.ld -L../../standalone_bsp_0/ps7_cortexa9_0/lib -o "x_bch.elf"  ./src/BinaryMatrix.o ./src/GFMatrix.o ./src/GaloisField.o ./src/ecclib.o ./src/main.o ./src/platform.o   -Wl,--start-group,-lxil,-lgcc,-lc,-lstdc++,--end-group
'Finished building target: x_bch.elf'
' '
'Invoking: ARM v7 Print Size'
arm-none-eabi-size x_bch.elf  |tee "x_bch.elf.size"
   text	   data	    bss	    dec	    hex	filename
 813998	   2836	110253660	111070494	69ecd1e	x_bch.elf
'Finished building: x_bch.elf.size'
' '
20:17:55 **** Incremental Build of configuration Debug for project x_bch ****
make pre-build main-build 
a9-linaro-pre-build-step
' '
'Building file: ../src/main.cc'
'Invoking: ARM v7 g++ compiler'
arm-none-eabi-g++ -Wall -O0 -g3 -c -fmessage-length=0 -MT"src/main.o" -mcpu=cortex-a9 -mfpu=vfpv3 -mfloat-abi=hard -I../../standalone_bsp_0/ps7_cortexa9_0/include -MMD -MP -MF"src/main.d" -MT"src/main.o" -o "src/main.o" "../src/main.cc"
../src/main.cc: In function 'void test_BCH_Encode()':
../src/main.cc:63:6: warning: unused variable 'encoded_bit_len' [-Wunused-variable]
  int encoded_bit_len = 63;
      ^~~~~~~~~~~~~~~
../src/main.cc:64:6: warning: unused variable 't' [-Wunused-variable]
  int t = 3;
      ^
../src/main.cc:65:6: warning: unused variable 'mbytes' [-Wunused-variable]
  int mbytes = 1;
      ^~~~~~
../src/main.cc:74:7: warning: unused variable 'encoded' [-Wunused-variable]
  auto encoded = bch.Encode(input_bytes);
       ^~~~~~~
'Finished building: ../src/main.cc'
' '
'Building target: x_bch.elf'
'Invoking: ARM v7 g++ linker'
arm-none-eabi-g++ -mcpu=cortex-a9 -mfpu=vfpv3 -mfloat-abi=hard -Wl,-build-id=none -specs=Xilinx.spec -Wl,-T -Wl,../src/lscript.ld -L../../standalone_bsp_0/ps7_cortexa9_0/lib -o "x_bch.elf"  ./src/BinaryMatrix.o ./src/GFMatrix.o ./src/GaloisField.o ./src/ecclib.o ./src/main.o ./src/platform.o   -Wl,--start-group,-lxil,-lgcc,-lc,-lstdc++,--end-group
'Finished building target: x_bch.elf'
' '
'Invoking: ARM v7 Print Size'
arm-none-eabi-size x_bch.elf  |tee "x_bch.elf.size"
   text	   data	    bss	    dec	    hex	filename
 813998	   2836	110253660	111070494	69ecd1e	x_bch.elf
'Finished building: x_bch.elf.size'
' '
20:20:26 **** Incremental Build of configuration Debug for project x_bch ****
make pre-build main-build 
a9-linaro-pre-build-step
' '
'Building file: ../src/main.cc'
'Invoking: ARM v7 g++ compiler'
arm-none-eabi-g++ -Wall -O0 -g3 -c -fmessage-length=0 -MT"src/main.o" -mcpu=cortex-a9 -mfpu=vfpv3 -mfloat-abi=hard -I../../standalone_bsp_0/ps7_cortexa9_0/include -MMD -MP -MF"src/main.d" -MT"src/main.o" -o "src/main.o" "../src/main.cc"
../src/main.cc: In function 'void test_BCH_Encode()':
../src/main.cc:65:6: warning: unused variable 'encoded_bit_len' [-Wunused-variable]
  int encoded_bit_len = 63;
      ^~~~~~~~~~~~~~~
../src/main.cc:66:6: warning: unused variable 't' [-Wunused-variable]
  int t = 3;
      ^
../src/main.cc:67:6: warning: unused variable 'mbytes' [-Wunused-variable]
  int mbytes = 1;
      ^~~~~~
../src/main.cc:76:7: warning: unused variable 'encoded' [-Wunused-variable]
  auto encoded = bch.Encode(input_bytes);
       ^~~~~~~
'Finished building: ../src/main.cc'
' '
'Building target: x_bch.elf'
'Invoking: ARM v7 g++ linker'
arm-none-eabi-g++ -mcpu=cortex-a9 -mfpu=vfpv3 -mfloat-abi=hard -Wl,-build-id=none -specs=Xilinx.spec -Wl,-T -Wl,../src/lscript.ld -L../../standalone_bsp_0/ps7_cortexa9_0/lib -o "x_bch.elf"  ./src/BinaryMatrix.o ./src/GFMatrix.o ./src/GaloisField.o ./src/ecclib.o ./src/main.o ./src/platform.o   -Wl,--start-group,-lxil,-lgcc,-lc,-lstdc++,--end-group
'Finished building target: x_bch.elf'
' '
'Invoking: ARM v7 Print Size'
arm-none-eabi-size x_bch.elf  |tee "x_bch.elf.size"
   text	   data	    bss	    dec	    hex	filename
 814590	   2836	110253660	111071086	69ecf6e	x_bch.elf
'Finished building: x_bch.elf.size'
' '
20:26:03 **** Incremental Build of configuration Debug for project x_bch ****
make pre-build main-build 
a9-linaro-pre-build-step
' '
'Building file: ../src/main.cc'
'Invoking: ARM v7 g++ compiler'
arm-none-eabi-g++ -Wall -O0 -g3 -c -fmessage-length=0 -MT"src/main.o" -mcpu=cortex-a9 -mfpu=vfpv3 -mfloat-abi=hard -I../../standalone_bsp_0/ps7_cortexa9_0/include -MMD -MP -MF"src/main.d" -MT"src/main.o" -o "src/main.o" "../src/main.cc"
../src/main.cc: In function 'void test_BCH_Encode()':
../src/main.cc:66:6: warning: unused variable 'encoded_bit_len' [-Wunused-variable]
  int encoded_bit_len = 63;
      ^~~~~~~~~~~~~~~
../src/main.cc:67:6: warning: unused variable 't' [-Wunused-variable]
  int t = 3;
      ^
../src/main.cc:68:6: warning: unused variable 'mbytes' [-Wunused-variable]
  int mbytes = 1;
      ^~~~~~
../src/main.cc:77:7: warning: unused variable 'encoded' [-Wunused-variable]
  auto encoded = bch.Encode(input_bytes);
       ^~~~~~~
../src/main.cc: In function 'void test_BCH_Decode(bool)':
../src/main.cc:115:41: error: cannot convert 'EccLib::BCH' to 'EccLib::BCH*' in assignment
   bch = EccLib::BCH(genmat, parchk, 6, 3);
                                         ^
make: *** [src/main.o] Error 1
20:26:29 **** Incremental Build of configuration Debug for project x_bch ****
make pre-build main-build 
a9-linaro-pre-build-step
' '
'Building file: ../src/main.cc'
'Invoking: ARM v7 g++ compiler'
arm-none-eabi-g++ -Wall -O0 -g3 -c -fmessage-length=0 -MT"src/main.o" -mcpu=cortex-a9 -mfpu=vfpv3 -mfloat-abi=hard -I../../standalone_bsp_0/ps7_cortexa9_0/include -MMD -MP -MF"src/main.d" -MT"src/main.o" -o "src/main.o" "../src/main.cc"
../src/main.cc: In function 'void test_BCH_Encode()':
../src/main.cc:66:6: warning: unused variable 'encoded_bit_len' [-Wunused-variable]
  int encoded_bit_len = 63;
      ^~~~~~~~~~~~~~~
../src/main.cc:67:6: warning: unused variable 't' [-Wunused-variable]
  int t = 3;
      ^
../src/main.cc:68:6: warning: unused variable 'mbytes' [-Wunused-variable]
  int mbytes = 1;
      ^~~~~~
../src/main.cc:77:7: warning: unused variable 'encoded' [-Wunused-variable]
  auto encoded = bch.Encode(input_bytes);
       ^~~~~~~
'Finished building: ../src/main.cc'
' '
'Building target: x_bch.elf'
'Invoking: ARM v7 g++ linker'
arm-none-eabi-g++ -mcpu=cortex-a9 -mfpu=vfpv3 -mfloat-abi=hard -Wl,-build-id=none -specs=Xilinx.spec -Wl,-T -Wl,../src/lscript.ld -L../../standalone_bsp_0/ps7_cortexa9_0/lib -o "x_bch.elf"  ./src/BinaryMatrix.o ./src/GFMatrix.o ./src/GaloisField.o ./src/ecclib.o ./src/main.o ./src/platform.o   -Wl,--start-group,-lxil,-lgcc,-lc,-lstdc++,--end-group
'Finished building target: x_bch.elf'
' '
'Invoking: ARM v7 Print Size'
arm-none-eabi-size x_bch.elf  |tee "x_bch.elf.size"
   text	   data	    bss	    dec	    hex	filename
 817830	   2836	110253660	111074326	69edc16	x_bch.elf
'Finished building: x_bch.elf.size'
' '
20:28:17 **** Incremental Build of configuration Debug for project x_bch ****
make pre-build main-build 
a9-linaro-pre-build-step
' '
make: Nothing to be done for `main-build'.
20:31:05 **** Incremental Build of configuration Debug for project x_bch ****
make pre-build main-build 
a9-linaro-pre-build-step
' '
'Building file: ../src/main.cc'
'Invoking: ARM v7 g++ compiler'
arm-none-eabi-g++ -Wall -O0 -g3 -c -fmessage-length=0 -MT"src/main.o" -mcpu=cortex-a9 -mfpu=vfpv3 -mfloat-abi=hard -I../../standalone_bsp_0/ps7_cortexa9_0/include -MMD -MP -MF"src/main.d" -MT"src/main.o" -o "src/main.o" "../src/main.cc"
../src/main.cc: In function 'void test_BCH_Encode()':
../src/main.cc:66:6: warning: unused variable 'encoded_bit_len' [-Wunused-variable]
  int encoded_bit_len = 63;
      ^~~~~~~~~~~~~~~
../src/main.cc:67:6: warning: unused variable 't' [-Wunused-variable]
  int t = 3;
      ^
../src/main.cc:68:6: warning: unused variable 'mbytes' [-Wunused-variable]
  int mbytes = 1;
      ^~~~~~
../src/main.cc:77:7: warning: unused variable 'encoded' [-Wunused-variable]
  auto encoded = bch.Encode(input_bytes);
       ^~~~~~~
'Finished building: ../src/main.cc'
' '
'Building target: x_bch.elf'
'Invoking: ARM v7 g++ linker'
arm-none-eabi-g++ -mcpu=cortex-a9 -mfpu=vfpv3 -mfloat-abi=hard -Wl,-build-id=none -specs=Xilinx.spec -Wl,-T -Wl,../src/lscript.ld -L../../standalone_bsp_0/ps7_cortexa9_0/lib -o "x_bch.elf"  ./src/BinaryMatrix.o ./src/GFMatrix.o ./src/GaloisField.o ./src/ecclib.o ./src/main.o ./src/platform.o   -Wl,--start-group,-lxil,-lgcc,-lc,-lstdc++,--end-group
'Finished building target: x_bch.elf'
' '
'Invoking: ARM v7 Print Size'
arm-none-eabi-size x_bch.elf  |tee "x_bch.elf.size"
   text	   data	    bss	    dec	    hex	filename
 817862	   2836	110253660	111074358	69edc36	x_bch.elf
'Finished building: x_bch.elf.size'
' '
20:32:55 **** Incremental Build of configuration Debug for project x_bch ****
make pre-build main-build 
a9-linaro-pre-build-step
' '
make: Nothing to be done for `main-build'.
20:35:16 **** Incremental Build of configuration Debug for project x_bch ****
make pre-build main-build 
a9-linaro-pre-build-step
' '
make: Nothing to be done for `main-build'.
20:37:08 **** Incremental Build of configuration Debug for project x_bch ****
make pre-build main-build 
a9-linaro-pre-build-step
' '
'Building file: ../src/GFMatrix.cpp'
'Invoking: ARM v7 g++ compiler'
arm-none-eabi-g++ -Wall -O0 -g3 -c -fmessage-length=0 -MT"src/GFMatrix.o" -mcpu=cortex-a9 -mfpu=vfpv3 -mfloat-abi=hard -I../../standalone_bsp_0/ps7_cortexa9_0/include -MMD -MP -MF"src/GFMatrix.d" -MT"src/GFMatrix.o" -o "src/GFMatrix.o" "../src/GFMatrix.cpp"
'Finished building: ../src/GFMatrix.cpp'
' '
'Building target: x_bch.elf'
'Invoking: ARM v7 g++ linker'
arm-none-eabi-g++ -mcpu=cortex-a9 -mfpu=vfpv3 -mfloat-abi=hard -Wl,-build-id=none -specs=Xilinx.spec -Wl,-T -Wl,../src/lscript.ld -L../../standalone_bsp_0/ps7_cortexa9_0/lib -o "x_bch.elf"  ./src/BinaryMatrix.o ./src/GFMatrix.o ./src/GaloisField.o ./src/ecclib.o ./src/main.o ./src/platform.o   -Wl,--start-group,-lxil,-lgcc,-lc,-lstdc++,--end-group
'Finished building target: x_bch.elf'
' '
'Invoking: ARM v7 Print Size'
arm-none-eabi-size x_bch.elf  |tee "x_bch.elf.size"
   text	   data	    bss	    dec	    hex	filename
 817862	   2836	110253660	111074358	69edc36	x_bch.elf
'Finished building: x_bch.elf.size'
' '
20:37:53 **** Incremental Build of configuration Debug for project x_bch ****
make pre-build main-build 
a9-linaro-pre-build-step
' '
make: Nothing to be done for `main-build'.
20:44:59 **** Incremental Build of configuration Debug for project x_bch ****
make pre-build main-build 
a9-linaro-pre-build-step
' '
'Building file: ../src/main.cc'
'Invoking: ARM v7 g++ compiler'
arm-none-eabi-g++ -Wall -O0 -g3 -c -fmessage-length=0 -MT"src/main.o" -mcpu=cortex-a9 -mfpu=vfpv3 -mfloat-abi=hard -I../../standalone_bsp_0/ps7_cortexa9_0/include -MMD -MP -MF"src/main.d" -MT"src/main.o" -o "src/main.o" "../src/main.cc"
../src/main.cc: In function 'void test_BCH_Encode()':
../src/main.cc:31:2: error: 'buffer' was not declared in this scope
  buffer = new char[500];
  ^~~~~~
../src/main.cc:67:6: warning: unused variable 'encoded_bit_len' [-Wunused-variable]
  int encoded_bit_len = 63;
      ^~~~~~~~~~~~~~~
../src/main.cc:68:6: warning: unused variable 't' [-Wunused-variable]
  int t = 3;
      ^
../src/main.cc:69:6: warning: unused variable 'mbytes' [-Wunused-variable]
  int mbytes = 1;
      ^~~~~~
../src/main.cc:78:7: warning: unused variable 'encoded' [-Wunused-variable]
  auto encoded = bch.Encode(input_bytes);
       ^~~~~~~
make: *** [src/main.o] Error 1
20:45:40 **** Incremental Build of configuration Debug for project x_bch ****
make pre-build main-build 
a9-linaro-pre-build-step
' '
'Building file: ../src/main.cc'
'Invoking: ARM v7 g++ compiler'
arm-none-eabi-g++ -Wall -O0 -g3 -c -fmessage-length=0 -MT"src/main.o" -mcpu=cortex-a9 -mfpu=vfpv3 -mfloat-abi=hard -I../../standalone_bsp_0/ps7_cortexa9_0/include -MMD -MP -MF"src/main.d" -MT"src/main.o" -o "src/main.o" "../src/main.cc"
../src/main.cc: In function 'void test_BCH_Encode()':
../src/main.cc:67:6: warning: unused variable 'encoded_bit_len' [-Wunused-variable]
  int encoded_bit_len = 63;
      ^~~~~~~~~~~~~~~
../src/main.cc:68:6: warning: unused variable 't' [-Wunused-variable]
  int t = 3;
      ^
../src/main.cc:69:6: warning: unused variable 'mbytes' [-Wunused-variable]
  int mbytes = 1;
      ^~~~~~
../src/main.cc:78:7: warning: unused variable 'encoded' [-Wunused-variable]
  auto encoded = bch.Encode(input_bytes);
       ^~~~~~~
'Finished building: ../src/main.cc'
' '
'Building target: x_bch.elf'
'Invoking: ARM v7 g++ linker'
arm-none-eabi-g++ -mcpu=cortex-a9 -mfpu=vfpv3 -mfloat-abi=hard -Wl,-build-id=none -specs=Xilinx.spec -Wl,-T -Wl,../src/lscript.ld -L../../standalone_bsp_0/ps7_cortexa9_0/lib -o "x_bch.elf"  ./src/BinaryMatrix.o ./src/GFMatrix.o ./src/GaloisField.o ./src/ecclib.o ./src/main.o ./src/platform.o   -Wl,--start-group,-lxil,-lgcc,-lc,-lstdc++,--end-group
'Finished building target: x_bch.elf'
' '
'Invoking: ARM v7 Print Size'
arm-none-eabi-size x_bch.elf  |tee "x_bch.elf.size"
   text	   data	    bss	    dec	    hex	filename
 817294	   2836	110253660	111073790	69ed9fe	x_bch.elf
'Finished building: x_bch.elf.size'
' '
20:48:05 **** Incremental Build of configuration Debug for project x_bch ****
make pre-build main-build 
a9-linaro-pre-build-step
' '
'Building file: ../src/main.cc'
'Invoking: ARM v7 g++ compiler'
arm-none-eabi-g++ -Wall -O0 -g3 -c -fmessage-length=0 -MT"src/main.o" -mcpu=cortex-a9 -mfpu=vfpv3 -mfloat-abi=hard -I../../standalone_bsp_0/ps7_cortexa9_0/include -MMD -MP -MF"src/main.d" -MT"src/main.o" -o "src/main.o" "../src/main.cc"
../src/main.cc: In function 'void test_BCH_Encode()':
../src/main.cc:67:6: warning: unused variable 'encoded_bit_len' [-Wunused-variable]
  int encoded_bit_len = 63;
      ^~~~~~~~~~~~~~~
../src/main.cc:68:6: warning: unused variable 't' [-Wunused-variable]
  int t = 3;
      ^
../src/main.cc:69:6: warning: unused variable 'mbytes' [-Wunused-variable]
  int mbytes = 1;
      ^~~~~~
../src/main.cc:78:7: warning: unused variable 'encoded' [-Wunused-variable]
  auto encoded = bch.Encode(input_bytes);
       ^~~~~~~
'Finished building: ../src/main.cc'
' '
'Building target: x_bch.elf'
'Invoking: ARM v7 g++ linker'
arm-none-eabi-g++ -mcpu=cortex-a9 -mfpu=vfpv3 -mfloat-abi=hard -Wl,-build-id=none -specs=Xilinx.spec -Wl,-T -Wl,../src/lscript.ld -L../../standalone_bsp_0/ps7_cortexa9_0/lib -o "x_bch.elf"  ./src/BinaryMatrix.o ./src/GFMatrix.o ./src/GaloisField.o ./src/ecclib.o ./src/main.o ./src/platform.o   -Wl,--start-group,-lxil,-lgcc,-lc,-lstdc++,--end-group
'Finished building target: x_bch.elf'
' '
'Invoking: ARM v7 Print Size'
arm-none-eabi-size x_bch.elf  |tee "x_bch.elf.size"
   text	   data	    bss	    dec	    hex	filename
 817862	   2836	110253660	111074358	69edc36	x_bch.elf
'Finished building: x_bch.elf.size'
' '
20:51:57 **** Incremental Build of configuration Debug for project x_bch ****
make pre-build main-build 
a9-linaro-pre-build-step
' '
'Building file: ../src/main.cc'
'Invoking: ARM v7 g++ compiler'
arm-none-eabi-g++ -Wall -O0 -g3 -c -fmessage-length=0 -MT"src/main.o" -mcpu=cortex-a9 -mfpu=vfpv3 -mfloat-abi=hard -I../../standalone_bsp_0/ps7_cortexa9_0/include -MMD -MP -MF"src/main.d" -MT"src/main.o" -o "src/main.o" "../src/main.cc"
../src/main.cc: In function 'void test_BCH_Encode()':
../src/main.cc:67:6: warning: unused variable 'encoded_bit_len' [-Wunused-variable]
  int encoded_bit_len = 63;
      ^~~~~~~~~~~~~~~
../src/main.cc:68:6: warning: unused variable 't' [-Wunused-variable]
  int t = 3;
      ^
../src/main.cc:69:6: warning: unused variable 'mbytes' [-Wunused-variable]
  int mbytes = 1;
      ^~~~~~
../src/main.cc:78:7: warning: unused variable 'encoded' [-Wunused-variable]
  auto encoded = bch.Encode(input_bytes);
       ^~~~~~~
'Finished building: ../src/main.cc'
' '
'Building target: x_bch.elf'
'Invoking: ARM v7 g++ linker'
arm-none-eabi-g++ -mcpu=cortex-a9 -mfpu=vfpv3 -mfloat-abi=hard -Wl,-build-id=none -specs=Xilinx.spec -Wl,-T -Wl,../src/lscript.ld -L../../standalone_bsp_0/ps7_cortexa9_0/lib -o "x_bch.elf"  ./src/BinaryMatrix.o ./src/GFMatrix.o ./src/GaloisField.o ./src/ecclib.o ./src/main.o ./src/platform.o   -Wl,--start-group,-lxil,-lgcc,-lc,-lstdc++,--end-group
'Finished building target: x_bch.elf'
' '
'Invoking: ARM v7 Print Size'
arm-none-eabi-size x_bch.elf  |tee "x_bch.elf.size"
   text	   data	    bss	    dec	    hex	filename
 817862	   2836	110253660	111074358	69edc36	x_bch.elf
'Finished building: x_bch.elf.size'
' '
20:58:32 **** Incremental Build of configuration Debug for project x_bch ****
make pre-build main-build 
a9-linaro-pre-build-step
' '
'Building file: ../src/main.cc'
'Invoking: ARM v7 g++ compiler'
arm-none-eabi-g++ -Wall -O0 -g3 -c -fmessage-length=0 -MT"src/main.o" -mcpu=cortex-a9 -mfpu=vfpv3 -mfloat-abi=hard -I../../standalone_bsp_0/ps7_cortexa9_0/include -MMD -MP -MF"src/main.d" -MT"src/main.o" -o "src/main.o" "../src/main.cc"
../src/main.cc: In function 'void test_BCH_Encode()':
../src/main.cc:67:6: warning: unused variable 'encoded_bit_len' [-Wunused-variable]
  int encoded_bit_len = 63;
      ^~~~~~~~~~~~~~~
../src/main.cc:68:6: warning: unused variable 't' [-Wunused-variable]
  int t = 3;
      ^
../src/main.cc:69:6: warning: unused variable 'mbytes' [-Wunused-variable]
  int mbytes = 1;
      ^~~~~~
../src/main.cc:78:7: warning: unused variable 'encoded' [-Wunused-variable]
  auto encoded = bch.Encode(input_bytes);
       ^~~~~~~
../src/main.cc: In function 'void test_BCH_Decode(bool)':
../src/main.cc:93:10: warning: variable 'buffer' set but not used [-Wunused-but-set-variable]
   char * buffer = new char[500];
          ^~~~~~
'Finished building: ../src/main.cc'
' '
'Building target: x_bch.elf'
'Invoking: ARM v7 g++ linker'
arm-none-eabi-g++ -mcpu=cortex-a9 -mfpu=vfpv3 -mfloat-abi=hard -Wl,-build-id=none -specs=Xilinx.spec -Wl,-T -Wl,../src/lscript.ld -L../../standalone_bsp_0/ps7_cortexa9_0/lib -o "x_bch.elf"  ./src/BinaryMatrix.o ./src/GFMatrix.o ./src/GaloisField.o ./src/ecclib.o ./src/main.o ./src/platform.o   -Wl,--start-group,-lxil,-lgcc,-lc,-lstdc++,--end-group
'Finished building target: x_bch.elf'
' '
'Invoking: ARM v7 Print Size'
arm-none-eabi-size x_bch.elf  |tee "x_bch.elf.size"
   text	   data	    bss	    dec	    hex	filename
 817794	   2836	110253660	111074290	69edbf2	x_bch.elf
'Finished building: x_bch.elf.size'
' '
