
*** Running vivado
    with args -log System_axi_smc_0.vds -m64 -product Vivado -mode batch -messageDb vivado.pb -notrace -source System_axi_smc_0.tcl


****** Vivado v2017.3 (64-bit)
  **** SW Build 2018833 on Wed Oct  4 19:58:22 MDT 2017
  **** IP Build 2016188 on Wed Oct  4 21:52:56 MDT 2017
    ** Copyright 1986-2017 Xilinx, Inc. All Rights Reserved.

source System_axi_smc_0.tcl -notrace
CRITICAL WARNING: [Board 49-4] Problem parsing board_part file - C:/Xilinx/Vivado/2017.3/data/boards/board_files/zybo-z7-10/board.xml, Invalid xml file C:/Xilinx/Vivado/2017.3/data/boards/board_files/zybo-z7-10/board.xml: equal sign expected
Starting RTL Elaboration : Time (s): cpu = 00:00:06 ; elapsed = 00:00:06 . Memory (MB): peak = 377.328 ; gain = 102.754
INFO: [Synth 8-638] synthesizing module 'System_axi_smc_0' [h:/dev/CSASA/vivaldo_starter/helloworld_working/helloworld_working.srcs/sources_1/bd/System/ip/System_axi_smc_0/synth/System_axi_smc_0.v:57]
INFO: [Synth 8-638] synthesizing module 'bd_9cfa' [h:/dev/CSASA/vivaldo_starter/helloworld_working/helloworld_working.srcs/sources_1/bd/System/ip/System_axi_smc_0/bd_0/synth/bd_9cfa.v:10]
INFO: [Synth 8-638] synthesizing module 'clk_map_imp_1RK647B' [h:/dev/CSASA/vivaldo_starter/helloworld_working/helloworld_working.srcs/sources_1/bd/System/ip/System_axi_smc_0/bd_0/synth/bd_9cfa.v:788]
INFO: [Synth 8-638] synthesizing module 'bd_9cfa_one_0' [h:/dev/CSASA/vivaldo_starter/helloworld_working/helloworld_working.srcs/sources_1/bd/System/ip/System_axi_smc_0/bd_0/ip/ip_0/synth/bd_9cfa_one_0.v:57]
INFO: [Synth 8-638] synthesizing module 'xlconstant_v1_1_3_xlconstant' [h:/dev/CSASA/vivaldo_starter/helloworld_working/helloworld_working.srcs/sources_1/bd/System/ipshared/0750/hdl/xlconstant_v1_1_vl_rfs.v:23]
INFO: [Synth 8-256] done synthesizing module 'xlconstant_v1_1_3_xlconstant' (1#1) [h:/dev/CSASA/vivaldo_starter/helloworld_working/helloworld_working.srcs/sources_1/bd/System/ipshared/0750/hdl/xlconstant_v1_1_vl_rfs.v:23]
INFO: [Synth 8-256] done synthesizing module 'bd_9cfa_one_0' (2#1) [h:/dev/CSASA/vivaldo_starter/helloworld_working/helloworld_working.srcs/sources_1/bd/System/ip/System_axi_smc_0/bd_0/ip/ip_0/synth/bd_9cfa_one_0.v:57]
INFO: [Synth 8-638] synthesizing module 'bd_9cfa_psr_aclk_0' [h:/dev/CSASA/vivaldo_starter/helloworld_working/helloworld_working.srcs/sources_1/bd/System/ip/System_axi_smc_0/bd_0/ip/ip_1/synth/bd_9cfa_psr_aclk_0.vhd:74]
INFO: [Synth 8-638] synthesizing module 'proc_sys_reset' [h:/dev/CSASA/vivaldo_starter/helloworld_working/helloworld_working.srcs/sources_1/bd/System/ipshared/f86a/hdl/proc_sys_reset_v5_0_vh_rfs.vhd:1323]
INFO: [Synth 8-638] synthesizing module 'lpf' [h:/dev/CSASA/vivaldo_starter/helloworld_working/helloworld_working.srcs/sources_1/bd/System/ipshared/f86a/hdl/proc_sys_reset_v5_0_vh_rfs.vhd:816]
INFO: [Synth 8-638] synthesizing module 'SRL16' [C:/Xilinx/Vivado/2017.3/scripts/rt/data/unisim_comp.v:50689]
INFO: [Synth 8-256] done synthesizing module 'SRL16' (3#1) [C:/Xilinx/Vivado/2017.3/scripts/rt/data/unisim_comp.v:50689]
INFO: [Synth 8-638] synthesizing module 'cdc_sync' [h:/dev/CSASA/vivaldo_starter/helloworld_working/helloworld_working.srcs/sources_1/bd/System/ipshared/ef1e/hdl/lib_cdc_v1_0_rfs.vhd:106]
INFO: [Synth 8-256] done synthesizing module 'cdc_sync' (4#1) [h:/dev/CSASA/vivaldo_starter/helloworld_working/helloworld_working.srcs/sources_1/bd/System/ipshared/ef1e/hdl/lib_cdc_v1_0_rfs.vhd:106]
INFO: [Synth 8-256] done synthesizing module 'lpf' (5#1) [h:/dev/CSASA/vivaldo_starter/helloworld_working/helloworld_working.srcs/sources_1/bd/System/ipshared/f86a/hdl/proc_sys_reset_v5_0_vh_rfs.vhd:816]
INFO: [Synth 8-638] synthesizing module 'sequence_psr' [h:/dev/CSASA/vivaldo_starter/helloworld_working/helloworld_working.srcs/sources_1/bd/System/ipshared/f86a/hdl/proc_sys_reset_v5_0_vh_rfs.vhd:301]
INFO: [Synth 8-638] synthesizing module 'upcnt_n' [h:/dev/CSASA/vivaldo_starter/helloworld_working/helloworld_working.srcs/sources_1/bd/System/ipshared/f86a/hdl/proc_sys_reset_v5_0_vh_rfs.vhd:125]
INFO: [Synth 8-256] done synthesizing module 'upcnt_n' (6#1) [h:/dev/CSASA/vivaldo_starter/helloworld_working/helloworld_working.srcs/sources_1/bd/System/ipshared/f86a/hdl/proc_sys_reset_v5_0_vh_rfs.vhd:125]
INFO: [Synth 8-256] done synthesizing module 'sequence_psr' (7#1) [h:/dev/CSASA/vivaldo_starter/helloworld_working/helloworld_working.srcs/sources_1/bd/System/ipshared/f86a/hdl/proc_sys_reset_v5_0_vh_rfs.vhd:301]
INFO: [Synth 8-256] done synthesizing module 'proc_sys_reset' (8#1) [h:/dev/CSASA/vivaldo_starter/helloworld_working/helloworld_working.srcs/sources_1/bd/System/ipshared/f86a/hdl/proc_sys_reset_v5_0_vh_rfs.vhd:1323]
INFO: [Synth 8-256] done synthesizing module 'bd_9cfa_psr_aclk_0' (9#1) [h:/dev/CSASA/vivaldo_starter/helloworld_working/helloworld_working.srcs/sources_1/bd/System/ip/System_axi_smc_0/bd_0/ip/ip_1/synth/bd_9cfa_psr_aclk_0.vhd:74]
INFO: [Synth 8-256] done synthesizing module 'clk_map_imp_1RK647B' (10#1) [h:/dev/CSASA/vivaldo_starter/helloworld_working/helloworld_working.srcs/sources_1/bd/System/ip/System_axi_smc_0/bd_0/synth/bd_9cfa.v:788]
INFO: [Synth 8-638] synthesizing module 'm00_exit_pipeline_imp_890U1O' [h:/dev/CSASA/vivaldo_starter/helloworld_working/helloworld_working.srcs/sources_1/bd/System/ip/System_axi_smc_0/bd_0/synth/bd_9cfa.v:832]
INFO: [Synth 8-638] synthesizing module 'bd_9cfa_m00e_0' [h:/dev/CSASA/vivaldo_starter/helloworld_working/helloworld_working.srcs/sources_1/bd/System/ip/System_axi_smc_0/bd_0/ip/ip_12/synth/bd_9cfa_m00e_0.sv:58]
INFO: [Synth 8-256] done synthesizing module 'bd_9cfa_m00e_0' (19#1) [h:/dev/CSASA/vivaldo_starter/helloworld_working/helloworld_working.srcs/sources_1/bd/System/ip/System_axi_smc_0/bd_0/ip/ip_12/synth/bd_9cfa_m00e_0.sv:58]
INFO: [Synth 8-256] done synthesizing module 'm00_exit_pipeline_imp_890U1O' (20#1) [h:/dev/CSASA/vivaldo_starter/helloworld_working/helloworld_working.srcs/sources_1/bd/System/ip/System_axi_smc_0/bd_0/synth/bd_9cfa.v:832]
INFO: [Synth 8-638] synthesizing module 'bd_9cfa_m00s2a_0' [h:/dev/CSASA/vivaldo_starter/helloworld_working/helloworld_working.srcs/sources_1/bd/System/ip/System_axi_smc_0/bd_0/ip/ip_11/synth/bd_9cfa_m00s2a_0.sv:58]
INFO: [Synth 8-256] done synthesizing module 'bd_9cfa_m00s2a_0' (22#1) [h:/dev/CSASA/vivaldo_starter/helloworld_working/helloworld_working.srcs/sources_1/bd/System/ip/System_axi_smc_0/bd_0/ip/ip_11/synth/bd_9cfa_m00s2a_0.sv:58]
INFO: [Synth 8-638] synthesizing module 'bd_9cfa_s00a2s_0' [h:/dev/CSASA/vivaldo_starter/helloworld_working/helloworld_working.srcs/sources_1/bd/System/ip/System_axi_smc_0/bd_0/ip/ip_5/synth/bd_9cfa_s00a2s_0.sv:58]
INFO: [Synth 8-256] done synthesizing module 'bd_9cfa_s00a2s_0' (24#1) [h:/dev/CSASA/vivaldo_starter/helloworld_working/helloworld_working.srcs/sources_1/bd/System/ip/System_axi_smc_0/bd_0/ip/ip_5/synth/bd_9cfa_s00a2s_0.sv:58]
INFO: [Synth 8-638] synthesizing module 's00_entry_pipeline_imp_1801ULB' [h:/dev/CSASA/vivaldo_starter/helloworld_working/helloworld_working.srcs/sources_1/bd/System/ip/System_axi_smc_0/bd_0/synth/bd_9cfa.v:1203]
INFO: [Synth 8-638] synthesizing module 'bd_9cfa_s00mmu_0' [h:/dev/CSASA/vivaldo_starter/helloworld_working/helloworld_working.srcs/sources_1/bd/System/ip/System_axi_smc_0/bd_0/ip/ip_2/synth/bd_9cfa_s00mmu_0.sv:58]
INFO: [Synth 8-256] done synthesizing module 'bd_9cfa_s00mmu_0' (28#1) [h:/dev/CSASA/vivaldo_starter/helloworld_working/helloworld_working.srcs/sources_1/bd/System/ip/System_axi_smc_0/bd_0/ip/ip_2/synth/bd_9cfa_s00mmu_0.sv:58]
INFO: [Synth 8-638] synthesizing module 'bd_9cfa_s00sic_0' [h:/dev/CSASA/vivaldo_starter/helloworld_working/helloworld_working.srcs/sources_1/bd/System/ip/System_axi_smc_0/bd_0/ip/ip_4/synth/bd_9cfa_s00sic_0.sv:58]
INFO: [Synth 8-256] done synthesizing module 'bd_9cfa_s00sic_0' (33#1) [h:/dev/CSASA/vivaldo_starter/helloworld_working/helloworld_working.srcs/sources_1/bd/System/ip/System_axi_smc_0/bd_0/ip/ip_4/synth/bd_9cfa_s00sic_0.sv:58]
INFO: [Synth 8-638] synthesizing module 'bd_9cfa_s00tr_0' [h:/dev/CSASA/vivaldo_starter/helloworld_working/helloworld_working.srcs/sources_1/bd/System/ip/System_axi_smc_0/bd_0/ip/ip_3/synth/bd_9cfa_s00tr_0.sv:58]
INFO: [Synth 8-256] done synthesizing module 'bd_9cfa_s00tr_0' (36#1) [h:/dev/CSASA/vivaldo_starter/helloworld_working/helloworld_working.srcs/sources_1/bd/System/ip/System_axi_smc_0/bd_0/ip/ip_3/synth/bd_9cfa_s00tr_0.sv:58]
INFO: [Synth 8-256] done synthesizing module 's00_entry_pipeline_imp_1801ULB' (37#1) [h:/dev/CSASA/vivaldo_starter/helloworld_working/helloworld_working.srcs/sources_1/bd/System/ip/System_axi_smc_0/bd_0/synth/bd_9cfa.v:1203]
INFO: [Synth 8-638] synthesizing module 's00_nodes_imp_12M6HHH' [h:/dev/CSASA/vivaldo_starter/helloworld_working/helloworld_working.srcs/sources_1/bd/System/ip/System_axi_smc_0/bd_0/synth/bd_9cfa.v:1851]
INFO: [Synth 8-638] synthesizing module 'bd_9cfa_sarn_0' [h:/dev/CSASA/vivaldo_starter/helloworld_working/helloworld_working.srcs/sources_1/bd/System/ip/System_axi_smc_0/bd_0/ip/ip_6/synth/bd_9cfa_sarn_0.sv:58]
INFO: [Synth 8-638] synthesizing module 'xpm_memory_base' [C:/Xilinx/Vivado/2017.3/data/ip/xpm/xpm_memory/hdl/xpm_memory.sv:57]
INFO: [Synth 8-256] done synthesizing module 'xpm_memory_base' (42#1) [C:/Xilinx/Vivado/2017.3/data/ip/xpm/xpm_memory/hdl/xpm_memory.sv:57]
INFO: [Synth 8-256] done synthesizing module 'bd_9cfa_sarn_0' (51#1) [h:/dev/CSASA/vivaldo_starter/helloworld_working/helloworld_working.srcs/sources_1/bd/System/ip/System_axi_smc_0/bd_0/ip/ip_6/synth/bd_9cfa_sarn_0.sv:58]
INFO: [Synth 8-638] synthesizing module 'bd_9cfa_sawn_0' [h:/dev/CSASA/vivaldo_starter/helloworld_working/helloworld_working.srcs/sources_1/bd/System/ip/System_axi_smc_0/bd_0/ip/ip_8/synth/bd_9cfa_sawn_0.sv:58]
INFO: [Synth 8-256] done synthesizing module 'bd_9cfa_sawn_0' (52#1) [h:/dev/CSASA/vivaldo_starter/helloworld_working/helloworld_working.srcs/sources_1/bd/System/ip/System_axi_smc_0/bd_0/ip/ip_8/synth/bd_9cfa_sawn_0.sv:58]
INFO: [Synth 8-638] synthesizing module 'bd_9cfa_sbn_0' [h:/dev/CSASA/vivaldo_starter/helloworld_working/helloworld_working.srcs/sources_1/bd/System/ip/System_axi_smc_0/bd_0/ip/ip_10/synth/bd_9cfa_sbn_0.sv:58]
INFO: [Synth 8-638] synthesizing module 'xpm_memory_base__parameterized0' [C:/Xilinx/Vivado/2017.3/data/ip/xpm/xpm_memory/hdl/xpm_memory.sv:57]
INFO: [Synth 8-256] done synthesizing module 'xpm_memory_base__parameterized0' (52#1) [C:/Xilinx/Vivado/2017.3/data/ip/xpm/xpm_memory/hdl/xpm_memory.sv:57]
INFO: [Synth 8-256] done synthesizing module 'bd_9cfa_sbn_0' (53#1) [h:/dev/CSASA/vivaldo_starter/helloworld_working/helloworld_working.srcs/sources_1/bd/System/ip/System_axi_smc_0/bd_0/ip/ip_10/synth/bd_9cfa_sbn_0.sv:58]
INFO: [Synth 8-638] synthesizing module 'bd_9cfa_srn_0' [h:/dev/CSASA/vivaldo_starter/helloworld_working/helloworld_working.srcs/sources_1/bd/System/ip/System_axi_smc_0/bd_0/ip/ip_7/synth/bd_9cfa_srn_0.sv:58]
INFO: [Synth 8-638] synthesizing module 'xpm_memory_base__parameterized1' [C:/Xilinx/Vivado/2017.3/data/ip/xpm/xpm_memory/hdl/xpm_memory.sv:57]
INFO: [Synth 8-256] done synthesizing module 'xpm_memory_base__parameterized1' (54#1) [C:/Xilinx/Vivado/2017.3/data/ip/xpm/xpm_memory/hdl/xpm_memory.sv:57]
INFO: [Synth 8-256] done synthesizing module 'bd_9cfa_srn_0' (55#1) [h:/dev/CSASA/vivaldo_starter/helloworld_working/helloworld_working.srcs/sources_1/bd/System/ip/System_axi_smc_0/bd_0/ip/ip_7/synth/bd_9cfa_srn_0.sv:58]
INFO: [Synth 8-638] synthesizing module 'bd_9cfa_swn_0' [h:/dev/CSASA/vivaldo_starter/helloworld_working/helloworld_working.srcs/sources_1/bd/System/ip/System_axi_smc_0/bd_0/ip/ip_9/synth/bd_9cfa_swn_0.sv:58]
INFO: [Synth 8-638] synthesizing module 'xpm_memory_base__parameterized2' [C:/Xilinx/Vivado/2017.3/data/ip/xpm/xpm_memory/hdl/xpm_memory.sv:57]
INFO: [Synth 8-256] done synthesizing module 'xpm_memory_base__parameterized2' (57#1) [C:/Xilinx/Vivado/2017.3/data/ip/xpm/xpm_memory/hdl/xpm_memory.sv:57]
INFO: [Synth 8-256] done synthesizing module 'bd_9cfa_swn_0' (58#1) [h:/dev/CSASA/vivaldo_starter/helloworld_working/helloworld_working.srcs/sources_1/bd/System/ip/System_axi_smc_0/bd_0/ip/ip_9/synth/bd_9cfa_swn_0.sv:58]
INFO: [Synth 8-256] done synthesizing module 's00_nodes_imp_12M6HHH' (59#1) [h:/dev/CSASA/vivaldo_starter/helloworld_working/helloworld_working.srcs/sources_1/bd/System/ip/System_axi_smc_0/bd_0/synth/bd_9cfa.v:1851]
INFO: [Synth 8-256] done synthesizing module 'bd_9cfa' (60#1) [h:/dev/CSASA/vivaldo_starter/helloworld_working/helloworld_working.srcs/sources_1/bd/System/ip/System_axi_smc_0/bd_0/synth/bd_9cfa.v:10]
INFO: [Synth 8-256] done synthesizing module 'System_axi_smc_0' (61#1) [h:/dev/CSASA/vivaldo_starter/helloworld_working/helloworld_working.srcs/sources_1/bd/System/ip/System_axi_smc_0/synth/System_axi_smc_0.v:57]
Finished RTL Elaboration : Time (s): cpu = 00:00:16 ; elapsed = 00:00:20 . Memory (MB): peak = 523.613 ; gain = 249.039
Finished RTL Optimization Phase 1 : Time (s): cpu = 00:00:17 ; elapsed = 00:00:24 . Memory (MB): peak = 523.613 ; gain = 249.039
INFO: [Device 21-403] Loading part xc7z010clg400-1
Constraint Validation Runtime : Time (s): cpu = 00:00:01 ; elapsed = 00:00:00.874 . Memory (MB): peak = 1144.594 ; gain = 37.449
Finished Constraint Validation : Time (s): cpu = 00:00:47 ; elapsed = 00:00:58 . Memory (MB): peak = 1144.594 ; gain = 870.020
Finished Loading Part and Timing Information : Time (s): cpu = 00:00:47 ; elapsed = 00:00:58 . Memory (MB): peak = 1144.594 ; gain = 870.020
Finished applying 'set_property' XDC Constraints : Time (s): cpu = 00:00:47 ; elapsed = 00:00:58 . Memory (MB): peak = 1144.594 ; gain = 870.020
Finished RTL Optimization Phase 2 : Time (s): cpu = 00:00:50 ; elapsed = 00:01:01 . Memory (MB): peak = 1144.594 ; gain = 870.020
Finished Cross Boundary and Area Optimization : Time (s): cpu = 00:01:08 ; elapsed = 00:01:21 . Memory (MB): peak = 1144.594 ; gain = 870.020
---------------------------------------------------------------------------------
Start ROM, RAM, DSP and Shift Register Reporting
---------------------------------------------------------------------------------

Distributed RAM: Preliminary Mapping  Report (see note below)
+----------------------------------------------------------------------------------------------------------------------------------------------------------+----------------------------------+----------------+----------------------+---------------+
|Module Name                                                                                                                                               | RTL Object                       | Inference      | Size (Depth x Width) | Primitives    | 
+----------------------------------------------------------------------------------------------------------------------------------------------------------+----------------------------------+----------------+----------------------+---------------+
|inst/i_0/\s00_nodes/s00_ar_node/inst /\inst_mi_handler/gen_normal_area.inst_fifo_node_payld/gen_xpm_memory_fifo.inst_fifo/gen_mem_rep[0].inst_xpm_memory  | gen_wr_a.gen_word_narrow.mem_reg | User Attribute | 32 x 156             | RAM32M x 26   | 
|inst/i_0/\s00_nodes/s00_aw_node/inst /\inst_mi_handler/gen_normal_area.inst_fifo_node_payld/gen_xpm_memory_fifo.inst_fifo/gen_mem_rep[0].inst_xpm_memory  | gen_wr_a.gen_word_narrow.mem_reg | User Attribute | 32 x 156             | RAM32M x 26   | 
|inst/i_0/\s00_nodes/s00_b_node/inst /\inst_mi_handler/gen_normal_area.inst_fifo_node_payld/gen_xpm_memory_fifo.inst_fifo/gen_mem_rep[0].inst_xpm_memory   | gen_wr_a.gen_word_narrow.mem_reg | User Attribute | 32 x 23              | RAM32M x 4    | 
|inst/i_0/\s00_nodes/s00_r_node/inst /\inst_mi_handler/gen_normal_area.inst_fifo_node_payld/gen_xpm_memory_fifo.inst_fifo/gen_mem_rep[0].inst_xpm_memory   | gen_wr_a.gen_word_narrow.mem_reg | User Attribute | 32 x 101             | RAM32M x 17   | 
|inst/i_0/\s00_nodes/s00_w_node/inst /\inst_mi_handler/gen_normal_area.inst_fifo_node_payld/gen_xpm_memory_fifo.inst_fifo/gen_mem_rep[0].inst_xpm_memory   | gen_wr_a.gen_word_narrow.mem_reg | User Attribute | 32 x 106             | RAM32M x 18   | 
+----------------------------------------------------------------------------------------------------------------------------------------------------------+----------------------------------+----------------+----------------------+---------------+

Note: The table above is a preliminary report that shows the Distributed RAMs at the current stage of the synthesis flow. Some Distributed RAMs may be reimplemented as non Distributed RAM primitives later in the synthesis flow. Multiple instantiated RAMs are reported only once.
---------------------------------------------------------------------------------
Finished ROM, RAM, DSP and Shift Register Reporting
---------------------------------------------------------------------------------
Finished Applying XDC Timing Constraints : Time (s): cpu = 00:01:17 ; elapsed = 00:01:30 . Memory (MB): peak = 1144.594 ; gain = 870.020
Finished Timing Optimization : Time (s): cpu = 00:01:20 ; elapsed = 00:01:34 . Memory (MB): peak = 1144.594 ; gain = 870.020
Finished Technology Mapping : Time (s): cpu = 00:01:23 ; elapsed = 00:01:37 . Memory (MB): peak = 1144.594 ; gain = 870.020
Finished IO Insertion : Time (s): cpu = 00:01:24 ; elapsed = 00:01:38 . Memory (MB): peak = 1144.594 ; gain = 870.020
Finished Renaming Generated Instances : Time (s): cpu = 00:01:24 ; elapsed = 00:01:38 . Memory (MB): peak = 1144.594 ; gain = 870.020
Finished Rebuilding User Hierarchy : Time (s): cpu = 00:01:24 ; elapsed = 00:01:39 . Memory (MB): peak = 1144.594 ; gain = 870.020
Finished Renaming Generated Ports : Time (s): cpu = 00:01:24 ; elapsed = 00:01:39 . Memory (MB): peak = 1144.594 ; gain = 870.020
Finished Handling Custom Attributes : Time (s): cpu = 00:01:24 ; elapsed = 00:01:39 . Memory (MB): peak = 1144.594 ; gain = 870.020
Finished Renaming Generated Nets : Time (s): cpu = 00:01:24 ; elapsed = 00:01:39 . Memory (MB): peak = 1144.594 ; gain = 870.020

Report Cell Usage: 
+------+--------+------+
|      |Cell    |Count |
+------+--------+------+
|1     |CARRY4  |     4|
|2     |LUT1    |    50|
|3     |LUT2    |   146|
|4     |LUT3    |   158|
|5     |LUT4    |   760|
|6     |LUT5    |   226|
|7     |LUT6    |   480|
|8     |MUXF7   |     2|
|9     |RAM32M  |    42|
|10    |SRL16   |     1|
|11    |SRLC32E |   136|
|12    |FDR     |     4|
|13    |FDRE    |  1870|
|14    |FDSE    |    76|
+------+--------+------+
Finished Writing Synthesis Report : Time (s): cpu = 00:01:24 ; elapsed = 00:01:39 . Memory (MB): peak = 1144.594 ; gain = 870.020
synth_design: Time (s): cpu = 00:01:27 ; elapsed = 00:01:43 . Memory (MB): peak = 1144.594 ; gain = 882.496
