
*** Running vivado
    with args -log System_axi_bram_ctrl_0_0.vds -m64 -product Vivado -mode batch -messageDb vivado.pb -notrace -source System_axi_bram_ctrl_0_0.tcl


****** Vivado v2017.3 (64-bit)
  **** SW Build 2018833 on Wed Oct  4 19:58:22 MDT 2017
  **** IP Build 2016188 on Wed Oct  4 21:52:56 MDT 2017
    ** Copyright 1986-2017 Xilinx, Inc. All Rights Reserved.

source System_axi_bram_ctrl_0_0.tcl -notrace
CRITICAL WARNING: [Board 49-4] Problem parsing board_part file - C:/Xilinx/Vivado/2017.3/data/boards/board_files/zybo-z7-10/board.xml, Invalid xml file C:/Xilinx/Vivado/2017.3/data/boards/board_files/zybo-z7-10/board.xml: equal sign expected
Starting RTL Elaboration : Time (s): cpu = 00:00:07 ; elapsed = 00:00:07 . Memory (MB): peak = 355.508 ; gain = 94.438
INFO: [Synth 8-638] synthesizing module 'System_axi_bram_ctrl_0_0' [h:/dev/CSASA/vivaldo_starter/helloworld_working/helloworld_working.srcs/sources_1/bd/System/ip/System_axi_bram_ctrl_0_0/synth/System_axi_bram_ctrl_0_0.vhd:111]
INFO: [Synth 8-638] synthesizing module 'axi_bram_ctrl' [h:/dev/CSASA/vivaldo_starter/helloworld_working/helloworld_working.srcs/sources_1/bd/System/ipshared/ffa3/hdl/axi_bram_ctrl_v4_0_rfs.vhd:23908]
INFO: [Synth 8-638] synthesizing module 'axi_bram_ctrl_top' [h:/dev/CSASA/vivaldo_starter/helloworld_working/helloworld_working.srcs/sources_1/bd/System/ipshared/ffa3/hdl/axi_bram_ctrl_v4_0_rfs.vhd:22908]
INFO: [Synth 8-638] synthesizing module 'full_axi' [h:/dev/CSASA/vivaldo_starter/helloworld_working/helloworld_working.srcs/sources_1/bd/System/ipshared/ffa3/hdl/axi_bram_ctrl_v4_0_rfs.vhd:21851]
INFO: [Synth 8-638] synthesizing module 'wr_chnl' [h:/dev/CSASA/vivaldo_starter/helloworld_working/helloworld_working.srcs/sources_1/bd/System/ipshared/ffa3/hdl/axi_bram_ctrl_v4_0_rfs.vhd:17013]
INFO: [Synth 8-638] synthesizing module 'wrap_brst' [h:/dev/CSASA/vivaldo_starter/helloworld_working/helloworld_working.srcs/sources_1/bd/System/ipshared/ffa3/hdl/axi_bram_ctrl_v4_0_rfs.vhd:10215]
INFO: [Synth 8-256] done synthesizing module 'wrap_brst' (1#1) [h:/dev/CSASA/vivaldo_starter/helloworld_working/helloworld_working.srcs/sources_1/bd/System/ipshared/ffa3/hdl/axi_bram_ctrl_v4_0_rfs.vhd:10215]
INFO: [Synth 8-638] synthesizing module 'ua_narrow' [h:/dev/CSASA/vivaldo_starter/helloworld_working/helloworld_working.srcs/sources_1/bd/System/ipshared/ffa3/hdl/axi_bram_ctrl_v4_0_rfs.vhd:9749]
INFO: [Synth 8-256] done synthesizing module 'ua_narrow' (2#1) [h:/dev/CSASA/vivaldo_starter/helloworld_working/helloworld_working.srcs/sources_1/bd/System/ipshared/ffa3/hdl/axi_bram_ctrl_v4_0_rfs.vhd:9749]
INFO: [Synth 8-638] synthesizing module 'SRL_FIFO' [h:/dev/CSASA/vivaldo_starter/helloworld_working/helloworld_working.srcs/sources_1/bd/System/ipshared/ffa3/hdl/axi_bram_ctrl_v4_0_rfs.vhd:133]
INFO: [Synth 8-638] synthesizing module 'FDR' [C:/Xilinx/Vivado/2017.3/scripts/rt/data/unisim_comp.v:3951]
INFO: [Synth 8-256] done synthesizing module 'FDR' (3#1) [C:/Xilinx/Vivado/2017.3/scripts/rt/data/unisim_comp.v:3951]
INFO: [Synth 8-638] synthesizing module 'MUXCY_L' [C:/Xilinx/Vivado/2017.3/scripts/rt/data/unisim_comp.v:26636]
INFO: [Synth 8-256] done synthesizing module 'MUXCY_L' (4#1) [C:/Xilinx/Vivado/2017.3/scripts/rt/data/unisim_comp.v:26636]
INFO: [Synth 8-638] synthesizing module 'XORCY' [C:/Xilinx/Vivado/2017.3/scripts/rt/data/unisim_comp.v:52717]
INFO: [Synth 8-256] done synthesizing module 'XORCY' (5#1) [C:/Xilinx/Vivado/2017.3/scripts/rt/data/unisim_comp.v:52717]
INFO: [Synth 8-638] synthesizing module 'FDRE' [C:/Xilinx/Vivado/2017.3/scripts/rt/data/unisim_comp.v:3964]
INFO: [Synth 8-256] done synthesizing module 'FDRE' (6#1) [C:/Xilinx/Vivado/2017.3/scripts/rt/data/unisim_comp.v:3964]
INFO: [Synth 8-638] synthesizing module 'SRL16E' [C:/Xilinx/Vivado/2017.3/scripts/rt/data/unisim_comp.v:50705]
INFO: [Synth 8-256] done synthesizing module 'SRL16E' (7#1) [C:/Xilinx/Vivado/2017.3/scripts/rt/data/unisim_comp.v:50705]
INFO: [Synth 8-256] done synthesizing module 'SRL_FIFO' (8#1) [h:/dev/CSASA/vivaldo_starter/helloworld_working/helloworld_working.srcs/sources_1/bd/System/ipshared/ffa3/hdl/axi_bram_ctrl_v4_0_rfs.vhd:133]
INFO: [Synth 8-256] done synthesizing module 'wr_chnl' (9#1) [h:/dev/CSASA/vivaldo_starter/helloworld_working/helloworld_working.srcs/sources_1/bd/System/ipshared/ffa3/hdl/axi_bram_ctrl_v4_0_rfs.vhd:17013]
INFO: [Synth 8-638] synthesizing module 'rd_chnl' [h:/dev/CSASA/vivaldo_starter/helloworld_working/helloworld_working.srcs/sources_1/bd/System/ipshared/ffa3/hdl/axi_bram_ctrl_v4_0_rfs.vhd:11495]
INFO: [Synth 8-256] done synthesizing module 'rd_chnl' (10#1) [h:/dev/CSASA/vivaldo_starter/helloworld_working/helloworld_working.srcs/sources_1/bd/System/ipshared/ffa3/hdl/axi_bram_ctrl_v4_0_rfs.vhd:11495]
INFO: [Synth 8-256] done synthesizing module 'full_axi' (11#1) [h:/dev/CSASA/vivaldo_starter/helloworld_working/helloworld_working.srcs/sources_1/bd/System/ipshared/ffa3/hdl/axi_bram_ctrl_v4_0_rfs.vhd:21851]
INFO: [Synth 8-256] done synthesizing module 'axi_bram_ctrl_top' (12#1) [h:/dev/CSASA/vivaldo_starter/helloworld_working/helloworld_working.srcs/sources_1/bd/System/ipshared/ffa3/hdl/axi_bram_ctrl_v4_0_rfs.vhd:22908]
INFO: [Synth 8-256] done synthesizing module 'axi_bram_ctrl' (13#1) [h:/dev/CSASA/vivaldo_starter/helloworld_working/helloworld_working.srcs/sources_1/bd/System/ipshared/ffa3/hdl/axi_bram_ctrl_v4_0_rfs.vhd:23908]
INFO: [Synth 8-256] done synthesizing module 'System_axi_bram_ctrl_0_0' (14#1) [h:/dev/CSASA/vivaldo_starter/helloworld_working/helloworld_working.srcs/sources_1/bd/System/ip/System_axi_bram_ctrl_0_0/synth/System_axi_bram_ctrl_0_0.vhd:111]
Finished RTL Elaboration : Time (s): cpu = 00:00:12 ; elapsed = 00:00:13 . Memory (MB): peak = 479.438 ; gain = 218.367
Finished RTL Optimization Phase 1 : Time (s): cpu = 00:00:12 ; elapsed = 00:00:14 . Memory (MB): peak = 479.438 ; gain = 218.367
INFO: [Device 21-403] Loading part xc7z010clg400-1
Constraint Validation Runtime : Time (s): cpu = 00:00:00 ; elapsed = 00:00:00.034 . Memory (MB): peak = 721.543 ; gain = 0.000
Finished Constraint Validation : Time (s): cpu = 00:00:23 ; elapsed = 00:00:27 . Memory (MB): peak = 721.543 ; gain = 460.473
Finished Loading Part and Timing Information : Time (s): cpu = 00:00:23 ; elapsed = 00:00:27 . Memory (MB): peak = 721.543 ; gain = 460.473
Finished applying 'set_property' XDC Constraints : Time (s): cpu = 00:00:23 ; elapsed = 00:00:27 . Memory (MB): peak = 721.543 ; gain = 460.473
Finished RTL Optimization Phase 2 : Time (s): cpu = 00:00:24 ; elapsed = 00:00:28 . Memory (MB): peak = 721.543 ; gain = 460.473
Finished Cross Boundary and Area Optimization : Time (s): cpu = 00:00:27 ; elapsed = 00:00:31 . Memory (MB): peak = 721.543 ; gain = 460.473
Finished Applying XDC Timing Constraints : Time (s): cpu = 00:00:36 ; elapsed = 00:00:40 . Memory (MB): peak = 721.543 ; gain = 460.473
Finished Timing Optimization : Time (s): cpu = 00:00:37 ; elapsed = 00:00:42 . Memory (MB): peak = 758.988 ; gain = 497.918
Finished Technology Mapping : Time (s): cpu = 00:00:38 ; elapsed = 00:00:42 . Memory (MB): peak = 758.988 ; gain = 497.918
Finished IO Insertion : Time (s): cpu = 00:00:39 ; elapsed = 00:00:43 . Memory (MB): peak = 758.988 ; gain = 497.918
Finished Renaming Generated Instances : Time (s): cpu = 00:00:39 ; elapsed = 00:00:43 . Memory (MB): peak = 758.988 ; gain = 497.918
Finished Rebuilding User Hierarchy : Time (s): cpu = 00:00:39 ; elapsed = 00:00:43 . Memory (MB): peak = 758.988 ; gain = 497.918
Finished Renaming Generated Ports : Time (s): cpu = 00:00:39 ; elapsed = 00:00:43 . Memory (MB): peak = 758.988 ; gain = 497.918
Finished Handling Custom Attributes : Time (s): cpu = 00:00:39 ; elapsed = 00:00:43 . Memory (MB): peak = 758.988 ; gain = 497.918
Finished Renaming Generated Nets : Time (s): cpu = 00:00:39 ; elapsed = 00:00:43 . Memory (MB): peak = 758.988 ; gain = 497.918

Report Cell Usage: 
+------+--------+------+
|      |Cell    |Count |
+------+--------+------+
|1     |CARRY4  |     2|
|2     |LUT1    |     3|
|3     |LUT2    |    16|
|4     |LUT3    |   128|
|5     |LUT4    |    46|
|6     |LUT5    |    87|
|7     |LUT6    |   198|
|8     |MUXCY_L |     3|
|9     |MUXF7   |     2|
|10    |SRL16E  |     1|
|11    |XORCY   |     4|
|12    |FDR     |     1|
|13    |FDRE    |   400|
+------+--------+------+
Finished Writing Synthesis Report : Time (s): cpu = 00:00:39 ; elapsed = 00:00:43 . Memory (MB): peak = 758.988 ; gain = 497.918
synth_design: Time (s): cpu = 00:00:40 ; elapsed = 00:00:45 . Memory (MB): peak = 758.988 ; gain = 506.957
