#-----------------------------------------------------------
# Webtalk v2017.3 (64-bit)
# SW Build 2018833 on Wed Oct  4 19:58:22 MDT 2017
# 
# Start of session at: Mon Feb  5 18:30:14 2018
# Process ID: 6564
# Current directory: C:/Users/Wesley/dev/CSASA/bram_designed_testinprogress/bram_designed_testinprogress.sdk/webtalk
# Command line: wbtcv.exe -mode batch -source sdk_webtalk.tcl
# Log file: C:/Users/Wesley/dev/CSASA/bram_designed_testinprogress/bram_designed_testinprogress.sdk/webtalk/webtalk.log
# Journal file: C:/Users/Wesley/dev/CSASA/bram_designed_testinprogress/bram_designed_testinprogress.sdk/webtalk\webtalk.jou
#-----------------------------------------------------------
source sdk_webtalk.tcl
# webtalk_init -webtalk_dir C:\\Users\\Wesley\\dev\\CSASA\\bram_designed_testinprogress\\bram_designed_testinprogress.sdk\\webtalk
# webtalk_register_client -client project
# webtalk_add_data -client project -key date_generated -value "2018-02-05 18:30:11" -context "software_version_and_target_device"
# webtalk_add_data -client project -key product_version -value "SDK v2017.3" -context "software_version_and_target_device"
# webtalk_add_data -client project -key build_version -value "2017.3" -context "software_version_and_target_device"
# webtalk_add_data -client project -key os_platform -value "amd64" -context "software_version_and_target_device"
# webtalk_add_data -client project -key registration_id -value "" -context "software_version_and_target_device"
# webtalk_add_data -client project -key tool_flow -value "SDK" -context "software_version_and_target_device"
# webtalk_add_data -client project -key beta -value "false" -context "software_version_and_target_device"
# webtalk_add_data -client project -key route_design -value "NA" -context "software_version_and_target_device"
# webtalk_add_data -client project -key target_family -value "NA" -context "software_version_and_target_device"
# webtalk_add_data -client project -key target_device -value "NA" -context "software_version_and_target_device"
# webtalk_add_data -client project -key target_package -value "NA" -context "software_version_and_target_device"
# webtalk_add_data -client project -key target_speed -value "NA" -context "software_version_and_target_device"
# webtalk_add_data -client project -key random_id -value "b0iv2tiu48hhuub9q2s3qth40p" -context "software_version_and_target_device"
# webtalk_add_data -client project -key project_id -value "2017.3_2" -context "software_version_and_target_device"
# webtalk_add_data -client project -key project_iteration -value "2" -context "software_version_and_target_device"
# webtalk_add_data -client project -key os_name -value "Microsoft Windows 8 or later , 64-bit" -context "user_environment"
# webtalk_add_data -client project -key os_release -value "major release  (build 9200)" -context "user_environment"
# webtalk_add_data -client project -key cpu_name -value "Intel(R) Core(TM) i5-5200U CPU @ 2.20GHz" -context "user_environment"
# webtalk_add_data -client project -key cpu_speed -value "2195 MHz" -context "user_environment"
# webtalk_add_data -client project -key total_processors -value "1" -context "user_environment"
# webtalk_add_data -client project -key system_ram -value "8.490 GB" -context "user_environment"
# webtalk_register_client -client sdk
# webtalk_add_data -client sdk -key uid -value "1517876075649" -context "sdk\\\\bsp/1517876075649"
# webtalk_add_data -client sdk -key hwid -value "1517874339713" -context "sdk\\\\bsp/1517876075649"
# webtalk_add_data -client sdk -key os -value "standalone" -context "sdk\\\\bsp/1517876075649"
# webtalk_add_data -client sdk -key apptemplate -value "null" -context "sdk\\\\bsp/1517876075649"
# webtalk_add_data -client sdk -key RecordType -value "BSPCreation" -context "sdk\\\\bsp/1517876075649"
# webtalk_add_data -client sdk -key uid -value "NA" -context "sdk\\\\bsp/1517877011513"
# webtalk_add_data -client sdk -key RecordType -value "ToolUsage" -context "sdk\\\\bsp/1517877011513"
# webtalk_add_data -client sdk -key BootgenCount -value "0" -context "sdk\\\\bsp/1517877011513"
# webtalk_add_data -client sdk -key DebugCount -value "4" -context "sdk\\\\bsp/1517877011513"
# webtalk_add_data -client sdk -key PerfCount -value "0" -context "sdk\\\\bsp/1517877011513"
# webtalk_add_data -client sdk -key FlashCount -value "0" -context "sdk\\\\bsp/1517877011513"
# webtalk_add_data -client sdk -key CrossTriggCount -value "0" -context "sdk\\\\bsp/1517877011513"
# webtalk_add_data -client sdk -key QemuDebugCount -value "0" -context "sdk\\\\bsp/1517877011513"
# webtalk_transmit -clientid 236242765 -regid "" -xml C:\\Users\\Wesley\\dev\\CSASA\\bram_designed_testinprogress\\bram_designed_testinprogress.sdk\\webtalk\\usage_statistics_ext_sdk.xml -html C:\\Users\\Wesley\\dev\\CSASA\\bram_designed_testinprogress\\bram_designed_testinprogress.sdk\\webtalk\\usage_statistics_ext_sdk.html -wdm C:\\Users\\Wesley\\dev\\CSASA\\bram_designed_testinprogress\\bram_designed_testinprogress.sdk\\webtalk\\sdk_webtalk.wdm -intro "<H3>SDK Usage Report</H3><BR>"
# webtalk_terminate
INFO: [Common 17-206] Exiting Webtalk at Mon Feb  5 18:30:16 2018...
